This is pdfTeX, Version 3.14159265-2.6-1.40.20 (TeX Live 2019/Debian) (preloaded format=pdflatex 2021.2.26)  16 NOV 2021 21:35
entering extended mode
 restricted \write18 enabled.
 file:line:error style messages enabled.
 %&-line parsing enabled.
**/home/omq/papers/TeethSegmentation/0/TeethSeg_article_0.tex
(/home/omq/papers/TeethSegmentation/0/TeethSeg_article_0.tex
LaTeX2e <2020-02-02> patch level 2
L3 programming layer <2020-02-14> (/usr/share/texlive/texmf-dist/tex/latex/base/article.cls
Document Class: article 2019/12/20 v1.4l Standard LaTeX document class
(/usr/share/texlive/texmf-dist/tex/latex/base/size10.clo
File: size10.clo 2019/12/20 v1.4l Standard LaTeX file (size option)
)
\c@part=\count167
\c@section=\count168
\c@subsection=\count169
\c@subsubsection=\count170
\c@paragraph=\count171
\c@subparagraph=\count172
\c@figure=\count173
\c@table=\count174
\abovecaptionskip=\skip47
\belowcaptionskip=\skip48
\bibindent=\dimen134
) (/usr/share/texlive/texmf-dist/tex/latex/base/inputenc.sty
Package: inputenc 2018/08/11 v1.3c Input encoding file
\inpenc@prehook=\toks14
\inpenc@posthook=\toks15
) (/usr/share/texlive/texmf-dist/tex/latex/geometry/geometry.sty
Package: geometry 2020/01/02 v5.9 Page Geometry
 (/usr/share/texlive/texmf-dist/tex/latex/graphics/keyval.sty
Package: keyval 2014/10/28 v1.15 key=value parser (DPC)
\KV@toks@=\toks16
) (/usr/share/texlive/texmf-dist/tex/generic/iftex/ifvtex.sty
Package: ifvtex 2019/10/25 v1.7 ifvtex legacy package. Use iftex instead.
 (/usr/share/texlive/texmf-dist/tex/generic/iftex/iftex.sty
Package: iftex 2019/11/07 v1.0c TeX engine tests
))
\Gm@cnth=\count175
\Gm@cntv=\count176
\c@Gm@tempcnt=\count177
\Gm@bindingoffset=\dimen135
\Gm@wd@mp=\dimen136
\Gm@odd@mp=\dimen137
\Gm@even@mp=\dimen138
\Gm@layoutwidth=\dimen139
\Gm@layoutheight=\dimen140
\Gm@layouthoffset=\dimen141
\Gm@layoutvoffset=\dimen142
\Gm@dimlist=\toks17
) (/usr/share/texlive/texmf-dist/tex/latex/preprint/authblk.sty
Package: authblk 2001/02/27 1.3 (PWD)
\affilsep=\skip49
\@affilsep=\skip50
\c@Maxaffil=\count178
\c@authors=\count179
\c@affil=\count180
) (/usr/share/texlive/texmf-dist/tex/latex/graphics/graphicx.sty
Package: graphicx 2019/11/30 v1.2a Enhanced LaTeX Graphics (DPC,SPQR)
 (/usr/share/texlive/texmf-dist/tex/latex/graphics/graphics.sty
Package: graphics 2019/11/30 v1.4a Standard LaTeX Graphics (DPC,SPQR)
 (/usr/share/texlive/texmf-dist/tex/latex/graphics/trig.sty
Package: trig 2016/01/03 v1.10 sin cos tan (DPC)
) (/usr/share/texlive/texmf-dist/tex/latex/graphics-cfg/graphics.cfg
File: graphics.cfg 2016/06/04 v1.11 sample graphics configuration
)
Package graphics Info: Driver file: pdftex.def on input line 105.
 (/usr/share/texlive/texmf-dist/tex/latex/graphics-def/pdftex.def
File: pdftex.def 2018/01/08 v1.0l Graphics/color driver for pdftex
))
\Gin@req@height=\dimen143
\Gin@req@width=\dimen144
) (/usr/share/texlive/texmf-dist/tex/latex/caption/subcaption.sty
Package: subcaption 2020/01/22 v1.3d Sub-captions (AR)
 (/usr/share/texlive/texmf-dist/tex/latex/caption/caption.sty
Package: caption 2020/01/03 v3.4h Customizing captions (AR)
 (/usr/share/texlive/texmf-dist/tex/latex/caption/caption3.sty
Package: caption3 2020/01/03 v1.8h caption3 kernel (AR)
Package caption3 Info: TeX engine: e-TeX on input line 61.
\captionmargin=\dimen145
\captionmargin@=\dimen146
\captionwidth=\dimen147
\caption@tempdima=\dimen148
\caption@indent=\dimen149
\caption@parindent=\dimen150
\caption@hangindent=\dimen151
Package caption Info: Standard document class detected.
)
\c@caption@flags=\count181
\c@continuedfloat=\count182
)
\c@subfigure=\count183
\c@subtable=\count184
) (/usr/share/texlive/texmf-dist/tex/latex/amsmath/amsmath.sty
Package: amsmath 2020/01/20 v2.17e AMS math features
\@mathmargin=\skip51

For additional information on amsmath, use the `?' option.
(/usr/share/texlive/texmf-dist/tex/latex/amsmath/amstext.sty
Package: amstext 2000/06/29 v2.01 AMS text
 (/usr/share/texlive/texmf-dist/tex/latex/amsmath/amsgen.sty
File: amsgen.sty 1999/11/30 v2.0 generic functions
\@emptytoks=\toks18
\ex@=\dimen152
)) (/usr/share/texlive/texmf-dist/tex/latex/amsmath/amsbsy.sty
Package: amsbsy 1999/11/29 v1.2d Bold Symbols
\pmbraise@=\dimen153
) (/usr/share/texlive/texmf-dist/tex/latex/amsmath/amsopn.sty
Package: amsopn 2016/03/08 v2.02 operator names
)
\inf@bad=\count185
LaTeX Info: Redefining \frac on input line 227.
\uproot@=\count186
\leftroot@=\count187
LaTeX Info: Redefining \overline on input line 389.
\classnum@=\count188
\DOTSCASE@=\count189
LaTeX Info: Redefining \ldots on input line 486.
LaTeX Info: Redefining \dots on input line 489.
LaTeX Info: Redefining \cdots on input line 610.
\Mathstrutbox@=\box45
\strutbox@=\box46
\big@size=\dimen154
LaTeX Font Info:    Redeclaring font encoding OML on input line 733.
LaTeX Font Info:    Redeclaring font encoding OMS on input line 734.
\macc@depth=\count190
\c@MaxMatrixCols=\count191
\dotsspace@=\muskip16
\c@parentequation=\count192
\dspbrk@lvl=\count193
\tag@help=\toks19
\row@=\count194
\column@=\count195
\maxfields@=\count196
\andhelp@=\toks20
\eqnshift@=\dimen155
\alignsep@=\dimen156
\tagshift@=\dimen157
\tagwidth@=\dimen158
\totwidth@=\dimen159
\lineht@=\dimen160
\@envbody=\toks21
\multlinegap=\skip52
\multlinetaggap=\skip53
\mathdisplay@stack=\toks22
LaTeX Info: Redefining \[ on input line 2859.
LaTeX Info: Redefining \] on input line 2860.
) (/usr/share/texlive/texmf-dist/tex/latex/amsfonts/amssymb.sty
Package: amssymb 2013/01/14 v3.01 AMS font symbols
 (/usr/share/texlive/texmf-dist/tex/latex/amsfonts/amsfonts.sty
Package: amsfonts 2013/01/14 v3.01 Basic AMSFonts support
\symAMSa=\mathgroup4
\symAMSb=\mathgroup5
LaTeX Font Info:    Redeclaring math symbol \hbar on input line 98.
LaTeX Font Info:    Overwriting math alphabet `\mathfrak' in version `bold'
(Font)                  U/euf/m/n --> U/euf/b/n on input line 106.
)) (/usr/share/texlive/texmf-dist/tex/latex/amscls/amsthm.sty
Package: amsthm 2017/10/31 v2.20.4
\thm@style=\toks23
\thm@bodyfont=\toks24
\thm@headfont=\toks25
\thm@notefont=\toks26
\thm@headpunct=\toks27
\thm@preskip=\skip54
\thm@postskip=\skip55
\thm@headsep=\skip56
\dth@everypar=\toks28
) (/usr/share/texlive/texmf-dist/tex/latex/tools/bm.sty
Package: bm 2019/07/24 v1.2d Bold Symbol Support (DPC/FMi)
\symboldoperators=\mathgroup6
\symboldletters=\mathgroup7
\symboldsymbols=\mathgroup8
LaTeX Font Info:    Redeclaring math alphabet \mathbf on input line 141.
LaTeX Info: Redefining \bm on input line 209.
) (/usr/share/texlive/texmf-dist/tex/latex/algorithms/algorithm.sty
Package: algorithm 2009/08/24 v0.1 Document Style `algorithm' - floating environment
 (/usr/share/texlive/texmf-dist/tex/latex/float/float.sty
Package: float 2001/11/08 v1.3d Float enhancements (AL)
\c@float@type=\count197
\float@exts=\toks29
\float@box=\box47
\@float@everytoks=\toks30
\@floatcapt=\box48
) (/usr/share/texlive/texmf-dist/tex/latex/base/ifthen.sty
Package: ifthen 2014/09/29 v1.1c Standard LaTeX ifthen package (DPC)
)
\@float@every@algorithm=\toks31
\c@algorithm=\count198
) (/usr/share/texlive/texmf-dist/tex/latex/algorithms/algorithmic.sty
Package: algorithmic 2009/08/24 v0.1 Document Style `algorithmic'
\c@ALC@unique=\count199
\c@ALC@line=\count266
\c@ALC@rem=\count267
\c@ALC@depth=\count268
\ALC@tlm=\skip57
\algorithmicindent=\skip58
) (/usr/share/texlive/texmf-dist/tex/latex/multirow/multirow.sty
Package: multirow 2019/05/31 v2.5 Span multiple rows of a table
\multirow@colwidth=\skip59
\multirow@cntb=\count269
\multirow@dima=\skip60
\bigstrutjot=\dimen161
) (/usr/share/texlive/texmf-dist/tex/latex/bbm-macros/bbm.sty
Package: bbm 1999/03/15 V 1.2 provides fonts for set symbols - TH
LaTeX Font Info:    Overwriting math alphabet `\mathbbm' in version `bold'
(Font)                  U/bbm/m/n --> U/bbm/bx/n on input line 33.
LaTeX Font Info:    Overwriting math alphabet `\mathbbmss' in version `bold'
(Font)                  U/bbmss/m/n --> U/bbmss/bx/n on input line 35.
) (/usr/share/texlive/texmf-dist/tex/latex/hyperref/hyperref.sty
Package: hyperref 2020/01/14 v7.00d Hypertext links for LaTeX
 (/usr/share/texlive/texmf-dist/tex/generic/ltxcmds/ltxcmds.sty
Package: ltxcmds 2019/12/15 v1.24 LaTeX kernel commands for general use (HO)
) (/usr/share/texlive/texmf-dist/tex/latex/pdftexcmds/pdftexcmds.sty
Package: pdftexcmds 2019/11/24 v0.31 Utility functions of pdfTeX for LuaTeX (HO)
 (/usr/share/texlive/texmf-dist/tex/generic/infwarerr/infwarerr.sty
Package: infwarerr 2019/12/03 v1.5 Providing info/warning/error messages (HO)
)
Package pdftexcmds Info: \pdf@primitive is available.
Package pdftexcmds Info: \pdf@ifprimitive is available.
Package pdftexcmds Info: \pdfdraftmode found.
) (/usr/share/texlive/texmf-dist/tex/generic/kvsetkeys/kvsetkeys.sty
Package: kvsetkeys 2019/12/15 v1.18 Key value parser (HO)
) (/usr/share/texlive/texmf-dist/tex/generic/kvdefinekeys/kvdefinekeys.sty
Package: kvdefinekeys 2019-12-19 v1.6 Define keys (HO)
) (/usr/share/texlive/texmf-dist/tex/generic/pdfescape/pdfescape.sty
Package: pdfescape 2019/12/09 v1.15 Implements pdfTeX's escape features (HO)
) (/usr/share/texlive/texmf-dist/tex/latex/hycolor/hycolor.sty
Package: hycolor 2020-01-27 v1.10 Color options for hyperref/bookmark (HO)
) (/usr/share/texlive/texmf-dist/tex/latex/letltxmacro/letltxmacro.sty
Package: letltxmacro 2019/12/03 v1.6 Let assignment for LaTeX macros (HO)
) (/usr/share/texlive/texmf-dist/tex/latex/auxhook/auxhook.sty
Package: auxhook 2019-12-17 v1.6 Hooks for auxiliary files (HO)
) (/usr/share/texlive/texmf-dist/tex/latex/kvoptions/kvoptions.sty
Package: kvoptions 2019/11/29 v3.13 Key value format for package options (HO)
)
\@linkdim=\dimen162
\Hy@linkcounter=\count270
\Hy@pagecounter=\count271
 (/usr/share/texlive/texmf-dist/tex/latex/hyperref/pd1enc.def
File: pd1enc.def 2020/01/14 v7.00d Hyperref: PDFDocEncoding definition (HO)
Now handling font encoding PD1 ...
... no UTF-8 mapping file for font encoding PD1
) (/usr/share/texlive/texmf-dist/tex/generic/intcalc/intcalc.sty
Package: intcalc 2019/12/15 v1.3 Expandable calculations with integers (HO)
) (/usr/share/texlive/texmf-dist/tex/generic/etexcmds/etexcmds.sty
Package: etexcmds 2019/12/15 v1.7 Avoid name clashes with e-TeX commands (HO)
)
\Hy@SavedSpaceFactor=\count272
\pdfmajorversion=\count273
Package hyperref Info: Hyper figures OFF on input line 4547.
Package hyperref Info: Link nesting OFF on input line 4552.
Package hyperref Info: Hyper index ON on input line 4555.
Package hyperref Info: Plain pages OFF on input line 4562.
Package hyperref Info: Backreferencing OFF on input line 4567.
Package hyperref Info: Implicit mode ON; LaTeX internals redefined.
Package hyperref Info: Bookmarks ON on input line 4800.
\c@Hy@tempcnt=\count274
 (/usr/share/texlive/texmf-dist/tex/latex/url/url.sty
\Urlmuskip=\muskip17
Package: url 2013/09/16  ver 3.4  Verb mode for urls, etc.
)
LaTeX Info: Redefining \url on input line 5159.
\XeTeXLinkMargin=\dimen163
 (/usr/share/texlive/texmf-dist/tex/generic/bitset/bitset.sty
Package: bitset 2019/12/09 v1.3 Handle bit-vector datatype (HO)
 (/usr/share/texlive/texmf-dist/tex/generic/bigintcalc/bigintcalc.sty
Package: bigintcalc 2019/12/15 v1.5 Expandable calculations on big integers (HO)
))
\Fld@menulength=\count275
\Field@Width=\dimen164
\Fld@charsize=\dimen165
Package hyperref Info: Hyper figures OFF on input line 6430.
Package hyperref Info: Link nesting OFF on input line 6435.
Package hyperref Info: Hyper index ON on input line 6438.
Package hyperref Info: backreferencing OFF on input line 6445.
Package hyperref Info: Link coloring OFF on input line 6450.
Package hyperref Info: Link coloring with OCG OFF on input line 6455.
Package hyperref Info: PDF/A mode OFF on input line 6460.
LaTeX Info: Redefining \ref on input line 6500.
LaTeX Info: Redefining \pageref on input line 6504.
 (/usr/share/texlive/texmf-dist/tex/generic/atbegshi/atbegshi.sty
Package: atbegshi 2019/12/05 v1.19 At begin shipout hook (HO)
)
\Hy@abspage=\count276
\c@Item=\count277
\c@Hfootnote=\count278
)
Package hyperref Info: Driver (autodetected): hpdftex.
 (/usr/share/texlive/texmf-dist/tex/latex/hyperref/hpdftex.def
File: hpdftex.def 2020/01/14 v7.00d Hyperref driver for pdfTeX
 (/usr/share/texlive/texmf-dist/tex/latex/atveryend/atveryend.sty
Package: atveryend 2019-12-11 v1.11 Hooks at the very end of document (HO)
Package atveryend Info: \enddocument detected (standard20110627).
)
\Fld@listcount=\count279
\c@bookmark@seq@number=\count280
 (/usr/share/texlive/texmf-dist/tex/latex/rerunfilecheck/rerunfilecheck.sty
Package: rerunfilecheck 2019/12/05 v1.9 Rerun checks for auxiliary files (HO)
 (/usr/share/texlive/texmf-dist/tex/generic/uniquecounter/uniquecounter.sty
Package: uniquecounter 2019/12/15 v1.4 Provide unlimited unique counter (HO)
)
Package uniquecounter Info: New unique counter `rerunfilecheck' on input line 286.
)
\Hy@SectionHShift=\skip61
) (/usr/share/texlive/texmf-dist/tex/latex/cjk-ko/kotex.sty
Package: kotex 2015/04/19 v1.6 Korean TeX (ko.TeX)
 (/usr/share/texlive/texmf-dist/tex/latex/kotex-utf/kotex.cfg) (/usr/share/texlive/texmf-dist/tex/latex/kotex-utf/kotexutf.sty
Package: kotexutf 2015/07/18 v2.1.1 typesetting UTF-8 Korean documents
 (/usr/share/texlive/texmf-dist/tex/plain/kotex-plain/kotexutf-core.tex
\unih@ngulpoint=\count281
\dhucs@emph@raise=\dimen166
)
Now handling font encoding LUC ...
... processing UTF-8 mapping file for font encoding LUC
 (/usr/share/texlive/texmf-dist/tex/latex/kotex-utf/lucenc.dfu
File: lucenc.dfu 2007/09/05 UTF-8 support for dhucs
   defining Unicode char U+00B7 (decimal 183)
   defining Unicode char U+2018 (decimal 8216)
   defining Unicode char U+2019 (decimal 8217)
   defining Unicode char U+201C (decimal 8220)
   defining Unicode char U+201D (decimal 8221)
   defining Unicode char U+3001 (decimal 12289)
   defining Unicode char U+3002 (decimal 12290)
   defining Unicode char U+3008 (decimal 12296)
   defining Unicode char U+3009 (decimal 12297)
   defining Unicode char U+300A (decimal 12298)
   defining Unicode char U+300B (decimal 12299)
   defining Unicode char U+300C (decimal 12300)
   defining Unicode char U+300D (decimal 12301)
   defining Unicode char U+300E (decimal 12302)
   defining Unicode char U+300F (decimal 12303)
   defining Unicode char U+3010 (decimal 12304)
   defining Unicode char U+3011 (decimal 12305)
   defining Unicode char U+3014 (decimal 12308)
   defining Unicode char U+3015 (decimal 12309)
   defining Unicode char U+3016 (decimal 12310)
   defining Unicode char U+3017 (decimal 12311)
   defining Unicode char U+3018 (decimal 12312)
   defining Unicode char U+3019 (decimal 12313)
   defining Unicode char U+301A (decimal 12314)
   defining Unicode char U+301B (decimal 12315)
   defining Unicode char U+FF01 (decimal 65281)
   defining Unicode char U+FF08 (decimal 65288)
   defining Unicode char U+FF09 (decimal 65289)
   defining Unicode char U+FF0C (decimal 65292)
   defining Unicode char U+FF0E (decimal 65294)
   defining Unicode char U+FF1A (decimal 65306)
   defining Unicode char U+FF1B (decimal 65307)
   defining Unicode char U+FF1C (decimal 65308)
   defining Unicode char U+FF1D (decimal 65309)
   defining Unicode char U+FF1E (decimal 65310)
   defining Unicode char U+FF1F (decimal 65311)
   defining Unicode char U+FF3B (decimal 65339)
   defining Unicode char U+FF3D (decimal 65341)
   defining Unicode char U+FF5B (decimal 65371)
   defining Unicode char U+FF5D (decimal 65373)
   defining Unicode char U+FF61 (decimal 65377)
   defining Unicode char U+FF62 (decimal 65378)
   defining Unicode char U+FF63 (decimal 65379)
   defining Unicode char U+FF64 (decimal 65380)
   defining Unicode char U+FF65 (decimal 65381)
)
\@josa=\count282
\josatoks=\toks32
 (/usr/share/texlive/texmf-dist/tex/latex/cjk-ko/kolabels-utf.sty
Package: kolabels-utf 2015/03/20 v1.5 UTF-8 Hangul item labels
))) (/usr/share/texlive/texmf-dist/tex/latex/pgf/frontendlayer/tikz.sty (/usr/share/texlive/texmf-dist/tex/latex/pgf/basiclayer/pgf.sty (/usr/share/texlive/texmf-dist/tex/latex/pgf/utilities/pgfrcs.sty (/usr/share/texlive/texmf-dist/tex/generic/pgf/utilities/pgfutil-common.tex
\pgfutil@everybye=\toks33
\pgfutil@tempdima=\dimen167
\pgfutil@tempdimb=\dimen168
 (/usr/share/texlive/texmf-dist/tex/generic/pgf/utilities/pgfutil-common-lists.tex)) (/usr/share/texlive/texmf-dist/tex/generic/pgf/utilities/pgfutil-latex.def
\pgfutil@abb=\box49
 (/usr/share/texlive/texmf-dist/tex/latex/ms/everyshi.sty
Package: everyshi 2001/05/15 v3.00 EveryShipout Package (MS)
)) (/usr/share/texlive/texmf-dist/tex/generic/pgf/utilities/pgfrcs.code.tex (/usr/share/texlive/texmf-dist/tex/generic/pgf/pgf.revision.tex)
Package: pgfrcs 2020/01/08 v3.1.5b (3.1.5b)
))
Package: pgf 2020/01/08 v3.1.5b (3.1.5b)
 (/usr/share/texlive/texmf-dist/tex/latex/pgf/basiclayer/pgfcore.sty (/usr/share/texlive/texmf-dist/tex/latex/pgf/systemlayer/pgfsys.sty (/usr/share/texlive/texmf-dist/tex/generic/pgf/systemlayer/pgfsys.code.tex
Package: pgfsys 2020/01/08 v3.1.5b (3.1.5b)
 (/usr/share/texlive/texmf-dist/tex/generic/pgf/utilities/pgfkeys.code.tex
\pgfkeys@pathtoks=\toks34
\pgfkeys@temptoks=\toks35
 (/usr/share/texlive/texmf-dist/tex/generic/pgf/utilities/pgfkeysfiltered.code.tex
\pgfkeys@tmptoks=\toks36
))
\pgf@x=\dimen169
\pgf@y=\dimen170
\pgf@xa=\dimen171
\pgf@ya=\dimen172
\pgf@xb=\dimen173
\pgf@yb=\dimen174
\pgf@xc=\dimen175
\pgf@yc=\dimen176
\pgf@xd=\dimen177
\pgf@yd=\dimen178
\w@pgf@writea=\write3
\r@pgf@reada=\read2
\c@pgf@counta=\count283
\c@pgf@countb=\count284
\c@pgf@countc=\count285
\c@pgf@countd=\count286
\t@pgf@toka=\toks37
\t@pgf@tokb=\toks38
\t@pgf@tokc=\toks39
\pgf@sys@id@count=\count287
 (/usr/share/texlive/texmf-dist/tex/generic/pgf/systemlayer/pgf.cfg
File: pgf.cfg 2020/01/08 v3.1.5b (3.1.5b)
)
Driver file for pgf: pgfsys-pdftex.def
 (/usr/share/texlive/texmf-dist/tex/generic/pgf/systemlayer/pgfsys-pdftex.def
File: pgfsys-pdftex.def 2020/01/08 v3.1.5b (3.1.5b)
 (/usr/share/texlive/texmf-dist/tex/generic/pgf/systemlayer/pgfsys-common-pdf.def
File: pgfsys-common-pdf.def 2020/01/08 v3.1.5b (3.1.5b)
))) (/usr/share/texlive/texmf-dist/tex/generic/pgf/systemlayer/pgfsyssoftpath.code.tex
File: pgfsyssoftpath.code.tex 2020/01/08 v3.1.5b (3.1.5b)
\pgfsyssoftpath@smallbuffer@items=\count288
\pgfsyssoftpath@bigbuffer@items=\count289
) (/usr/share/texlive/texmf-dist/tex/generic/pgf/systemlayer/pgfsysprotocol.code.tex
File: pgfsysprotocol.code.tex 2020/01/08 v3.1.5b (3.1.5b)
)) (/usr/share/texlive/texmf-dist/tex/latex/xcolor/xcolor.sty
Package: xcolor 2016/05/11 v2.12 LaTeX color extensions (UK)
 (/usr/share/texlive/texmf-dist/tex/latex/graphics-cfg/color.cfg
File: color.cfg 2016/01/02 v1.6 sample color configuration
)
Package xcolor Info: Driver file: pdftex.def on input line 225.
Package xcolor Info: Model `cmy' substituted by `cmy0' on input line 1348.
Package xcolor Info: Model `hsb' substituted by `rgb' on input line 1352.
Package xcolor Info: Model `RGB' extended on input line 1364.
Package xcolor Info: Model `HTML' substituted by `rgb' on input line 1366.
Package xcolor Info: Model `Hsb' substituted by `hsb' on input line 1367.
Package xcolor Info: Model `tHsb' substituted by `hsb' on input line 1368.
Package xcolor Info: Model `HSB' substituted by `hsb' on input line 1369.
Package xcolor Info: Model `Gray' substituted by `gray' on input line 1370.
Package xcolor Info: Model `wave' substituted by `hsb' on input line 1371.
) (/usr/share/texlive/texmf-dist/tex/generic/pgf/basiclayer/pgfcore.code.tex
Package: pgfcore 2020/01/08 v3.1.5b (3.1.5b)
 (/usr/share/texlive/texmf-dist/tex/generic/pgf/math/pgfmath.code.tex (/usr/share/texlive/texmf-dist/tex/generic/pgf/math/pgfmathcalc.code.tex (/usr/share/texlive/texmf-dist/tex/generic/pgf/math/pgfmathutil.code.tex) (/usr/share/texlive/texmf-dist/tex/generic/pgf/math/pgfmathparser.code.tex
\pgfmath@dimen=\dimen179
\pgfmath@count=\count290
\pgfmath@box=\box50
\pgfmath@toks=\toks40
\pgfmath@stack@operand=\toks41
\pgfmath@stack@operation=\toks42
) (/usr/share/texlive/texmf-dist/tex/generic/pgf/math/pgfmathfunctions.code.tex (/usr/share/texlive/texmf-dist/tex/generic/pgf/math/pgfmathfunctions.basic.code.tex) (/usr/share/texlive/texmf-dist/tex/generic/pgf/math/pgfmathfunctions.trigonometric.code.tex) (/usr/share/texlive/texmf-dist/tex/generic/pgf/math/pgfmathfunctions.random.code.tex) (/usr/share/texlive/texmf-dist/tex/generic/pgf/math/pgfmathfunctions.comparison.code.tex) (/usr/share/texlive/texmf-dist/tex/generic/pgf/math/pgfmathfunctions.base.code.tex) (/usr/share/texlive/texmf-dist/tex/generic/pgf/math/pgfmathfunctions.round.code.tex) (/usr/share/texlive/texmf-dist/tex/generic/pgf/math/pgfmathfunctions.misc.code.tex) (/usr/share/texlive/texmf-dist/tex/generic/pgf/math/pgfmathfunctions.integerarithmetics.code.tex))) (/usr/share/texlive/texmf-dist/tex/generic/pgf/math/pgfmathfloat.code.tex
\c@pgfmathroundto@lastzeros=\count291
)) (/usr/share/texlive/texmf-dist/tex/generic/pgf/math/pgfint.code.tex) (/usr/share/texlive/texmf-dist/tex/generic/pgf/basiclayer/pgfcorepoints.code.tex
File: pgfcorepoints.code.tex 2020/01/08 v3.1.5b (3.1.5b)
\pgf@picminx=\dimen180
\pgf@picmaxx=\dimen181
\pgf@picminy=\dimen182
\pgf@picmaxy=\dimen183
\pgf@pathminx=\dimen184
\pgf@pathmaxx=\dimen185
\pgf@pathminy=\dimen186
\pgf@pathmaxy=\dimen187
\pgf@xx=\dimen188
\pgf@xy=\dimen189
\pgf@yx=\dimen190
\pgf@yy=\dimen191
\pgf@zx=\dimen192
\pgf@zy=\dimen193
) (/usr/share/texlive/texmf-dist/tex/generic/pgf/basiclayer/pgfcorepathconstruct.code.tex
File: pgfcorepathconstruct.code.tex 2020/01/08 v3.1.5b (3.1.5b)
\pgf@path@lastx=\dimen194
\pgf@path@lasty=\dimen195
) (/usr/share/texlive/texmf-dist/tex/generic/pgf/basiclayer/pgfcorepathusage.code.tex
File: pgfcorepathusage.code.tex 2020/01/08 v3.1.5b (3.1.5b)
\pgf@shorten@end@additional=\dimen196
\pgf@shorten@start@additional=\dimen197
) (/usr/share/texlive/texmf-dist/tex/generic/pgf/basiclayer/pgfcorescopes.code.tex
File: pgfcorescopes.code.tex 2020/01/08 v3.1.5b (3.1.5b)
\pgfpic=\box51
\pgf@hbox=\box52
\pgf@layerbox@main=\box53
\pgf@picture@serial@count=\count292
) (/usr/share/texlive/texmf-dist/tex/generic/pgf/basiclayer/pgfcoregraphicstate.code.tex
File: pgfcoregraphicstate.code.tex 2020/01/08 v3.1.5b (3.1.5b)
\pgflinewidth=\dimen198
) (/usr/share/texlive/texmf-dist/tex/generic/pgf/basiclayer/pgfcoretransformations.code.tex
File: pgfcoretransformations.code.tex 2020/01/08 v3.1.5b (3.1.5b)
\pgf@pt@x=\dimen199
\pgf@pt@y=\dimen256
\pgf@pt@temp=\dimen257
) (/usr/share/texlive/texmf-dist/tex/generic/pgf/basiclayer/pgfcorequick.code.tex
File: pgfcorequick.code.tex 2020/01/08 v3.1.5b (3.1.5b)
) (/usr/share/texlive/texmf-dist/tex/generic/pgf/basiclayer/pgfcoreobjects.code.tex
File: pgfcoreobjects.code.tex 2020/01/08 v3.1.5b (3.1.5b)
) (/usr/share/texlive/texmf-dist/tex/generic/pgf/basiclayer/pgfcorepathprocessing.code.tex
File: pgfcorepathprocessing.code.tex 2020/01/08 v3.1.5b (3.1.5b)
) (/usr/share/texlive/texmf-dist/tex/generic/pgf/basiclayer/pgfcorearrows.code.tex
File: pgfcorearrows.code.tex 2020/01/08 v3.1.5b (3.1.5b)
\pgfarrowsep=\dimen258
) (/usr/share/texlive/texmf-dist/tex/generic/pgf/basiclayer/pgfcoreshade.code.tex
File: pgfcoreshade.code.tex 2020/01/08 v3.1.5b (3.1.5b)
\pgf@max=\dimen259
\pgf@sys@shading@range@num=\count293
\pgf@shadingcount=\count294
) (/usr/share/texlive/texmf-dist/tex/generic/pgf/basiclayer/pgfcoreimage.code.tex
File: pgfcoreimage.code.tex 2020/01/08 v3.1.5b (3.1.5b)
 (/usr/share/texlive/texmf-dist/tex/generic/pgf/basiclayer/pgfcoreexternal.code.tex
File: pgfcoreexternal.code.tex 2020/01/08 v3.1.5b (3.1.5b)
\pgfexternal@startupbox=\box54
)) (/usr/share/texlive/texmf-dist/tex/generic/pgf/basiclayer/pgfcorelayers.code.tex
File: pgfcorelayers.code.tex 2020/01/08 v3.1.5b (3.1.5b)
) (/usr/share/texlive/texmf-dist/tex/generic/pgf/basiclayer/pgfcoretransparency.code.tex
File: pgfcoretransparency.code.tex 2020/01/08 v3.1.5b (3.1.5b)
) (/usr/share/texlive/texmf-dist/tex/generic/pgf/basiclayer/pgfcorepatterns.code.tex
File: pgfcorepatterns.code.tex 2020/01/08 v3.1.5b (3.1.5b)
) (/usr/share/texlive/texmf-dist/tex/generic/pgf/basiclayer/pgfcorerdf.code.tex
File: pgfcorerdf.code.tex 2020/01/08 v3.1.5b (3.1.5b)
))) (/usr/share/texlive/texmf-dist/tex/generic/pgf/modules/pgfmoduleshapes.code.tex
File: pgfmoduleshapes.code.tex 2020/01/08 v3.1.5b (3.1.5b)
\pgfnodeparttextbox=\box55
) (/usr/share/texlive/texmf-dist/tex/generic/pgf/modules/pgfmoduleplot.code.tex
File: pgfmoduleplot.code.tex 2020/01/08 v3.1.5b (3.1.5b)
) (/usr/share/texlive/texmf-dist/tex/latex/pgf/compatibility/pgfcomp-version-0-65.sty
Package: pgfcomp-version-0-65 2020/01/08 v3.1.5b (3.1.5b)
\pgf@nodesepstart=\dimen260
\pgf@nodesepend=\dimen261
) (/usr/share/texlive/texmf-dist/tex/latex/pgf/compatibility/pgfcomp-version-1-18.sty
Package: pgfcomp-version-1-18 2020/01/08 v3.1.5b (3.1.5b)
)) (/usr/share/texlive/texmf-dist/tex/latex/pgf/utilities/pgffor.sty (/usr/share/texlive/texmf-dist/tex/latex/pgf/utilities/pgfkeys.sty (/usr/share/texlive/texmf-dist/tex/generic/pgf/utilities/pgfkeys.code.tex)) (/usr/share/texlive/texmf-dist/tex/latex/pgf/math/pgfmath.sty (/usr/share/texlive/texmf-dist/tex/generic/pgf/math/pgfmath.code.tex)) (/usr/share/texlive/texmf-dist/tex/generic/pgf/utilities/pgffor.code.tex
Package: pgffor 2020/01/08 v3.1.5b (3.1.5b)
 (/usr/share/texlive/texmf-dist/tex/generic/pgf/math/pgfmath.code.tex)
\pgffor@iter=\dimen262
\pgffor@skip=\dimen263
\pgffor@stack=\toks43
\pgffor@toks=\toks44
)) (/usr/share/texlive/texmf-dist/tex/generic/pgf/frontendlayer/tikz/tikz.code.tex
Package: tikz 2020/01/08 v3.1.5b (3.1.5b)
 (/usr/share/texlive/texmf-dist/tex/generic/pgf/libraries/pgflibraryplothandlers.code.tex
File: pgflibraryplothandlers.code.tex 2020/01/08 v3.1.5b (3.1.5b)
\pgf@plot@mark@count=\count295
\pgfplotmarksize=\dimen264
)
\tikz@lastx=\dimen265
\tikz@lasty=\dimen266
\tikz@lastxsaved=\dimen267
\tikz@lastysaved=\dimen268
\tikz@lastmovetox=\dimen269
\tikz@lastmovetoy=\dimen270
\tikzleveldistance=\dimen271
\tikzsiblingdistance=\dimen272
\tikz@figbox=\box56
\tikz@figbox@bg=\box57
\tikz@tempbox=\box58
\tikz@tempbox@bg=\box59
\tikztreelevel=\count296
\tikznumberofchildren=\count297
\tikznumberofcurrentchild=\count298
\tikz@fig@count=\count299
 (/usr/share/texlive/texmf-dist/tex/generic/pgf/modules/pgfmodulematrix.code.tex
File: pgfmodulematrix.code.tex 2020/01/08 v3.1.5b (3.1.5b)
\pgfmatrixcurrentrow=\count300
\pgfmatrixcurrentcolumn=\count301
\pgf@matrix@numberofcolumns=\count302
)
\tikz@expandcount=\count303
 (/usr/share/texlive/texmf-dist/tex/generic/pgf/frontendlayer/tikz/libraries/tikzlibrarytopaths.code.tex
File: tikzlibrarytopaths.code.tex 2020/01/08 v3.1.5b (3.1.5b)
))) (/usr/share/texlive/texmf-dist/tex/generic/pgf/frontendlayer/tikz/libraries/tikzlibraryshapes.geometric.code.tex
File: tikzlibraryshapes.geometric.code.tex 2020/01/08 v3.1.5b (3.1.5b)
 (/usr/share/texlive/texmf-dist/tex/generic/pgf/libraries/shapes/pgflibraryshapes.geometric.code.tex
File: pgflibraryshapes.geometric.code.tex 2020/01/08 v3.1.5b (3.1.5b)
)) (/usr/share/texlive/texmf-dist/tex/generic/pgf/frontendlayer/tikz/libraries/tikzlibraryarrows.code.tex
File: tikzlibraryarrows.code.tex 2020/01/08 v3.1.5b (3.1.5b)
 (/usr/share/texlive/texmf-dist/tex/generic/pgf/libraries/pgflibraryarrows.code.tex
File: pgflibraryarrows.code.tex 2020/01/08 v3.1.5b (3.1.5b)
\arrowsize=\dimen273
)) (/usr/share/texlive/texmf-dist/tex/generic/pgf/frontendlayer/tikz/libraries/tikzlibrarypositioning.code.tex
File: tikzlibrarypositioning.code.tex 2020/01/08 v3.1.5b (3.1.5b)
) (/usr/share/texlive/texmf-dist/tex/generic/pgf/frontendlayer/tikz/libraries/tikzlibrarycalc.code.tex
File: tikzlibrarycalc.code.tex 2020/01/08 v3.1.5b (3.1.5b)
) (/usr/share/texlive/texmf-dist/tex/generic/pgf/frontendlayer/tikz/libraries/tikzlibrarybackgrounds.code.tex
File: tikzlibrarybackgrounds.code.tex 2020/01/08 v3.1.5b (3.1.5b)
\pgf@layerbox@background=\box60
\pgf@layerboxsaved@background=\box61
)
\c@theorem=\count304
 (/usr/share/texlive/texmf-dist/tex/generic/ulem/ulem.sty
\UL@box=\box62
\UL@hyphenbox=\box63
\UL@skip=\skip62
\UL@hook=\toks45
\UL@height=\dimen274
\UL@pe=\count305
\UL@pixel=\dimen275
\ULC@box=\box64
Package: ulem 2019/11/18
\ULdepth=\dimen276
) (/usr/share/texlive/texmf-dist/tex/latex/l3backend/l3backend-pdfmode.def
File: l3backend-pdfmode.def 2020-02-03 L3 backend support: PDF mode
\l__kernel_color_stack_int=\count306
\l__pdf_internal_box=\box65
) (/home/omq/papers/TeethSegmentation/0/TeethSeg_article_0.aux)
\openout1 = `TeethSeg_article_0.aux'.

LaTeX Font Info:    Checking defaults for OML/cmm/m/it on input line 123.
LaTeX Font Info:    ... okay on input line 123.
LaTeX Font Info:    Checking defaults for OMS/cmsy/m/n on input line 123.
LaTeX Font Info:    ... okay on input line 123.
LaTeX Font Info:    Checking defaults for OT1/cmr/m/n on input line 123.
LaTeX Font Info:    ... okay on input line 123.
LaTeX Font Info:    Checking defaults for T1/cmr/m/n on input line 123.
LaTeX Font Info:    ... okay on input line 123.
LaTeX Font Info:    Checking defaults for TS1/cmr/m/n on input line 123.
LaTeX Font Info:    ... okay on input line 123.
LaTeX Font Info:    Checking defaults for OMX/cmex/m/n on input line 123.
LaTeX Font Info:    ... okay on input line 123.
LaTeX Font Info:    Checking defaults for U/cmr/m/n on input line 123.
LaTeX Font Info:    ... okay on input line 123.
LaTeX Font Info:    Checking defaults for PD1/pdf/m/n on input line 123.
LaTeX Font Info:    ... okay on input line 123.
LaTeX Font Info:    Checking defaults for LUC/nanummj/m/n on input line 123.
LaTeX Font Info:    Trying to load font information for LUC+nanummj on input line 123.
 (/usr/share/texlive/texmf-dist/tex/latex/nanumtype1/lucnanummj.fd
File: lucnanummj.fd 2013/02/12 v0.1 Nanum Myeongjo font definitions
)
LaTeX Font Info:    ... okay on input line 123.

*geometry* driver: auto-detecting
*geometry* detected driver: pdftex
*geometry* verbose mode - [ preamble ] result:
* driver: pdftex
* paper: a4paper
* layout: <same size as paper>
* layoutoffset:(h,v)=(0.0pt,0.0pt)
* modes: 
* h-part:(L,W,R)=(89.62709pt, 418.25368pt, 89.6271pt)
* v-part:(T,H,B)=(101.40665pt, 591.5302pt, 152.11pt)
* \paperwidth=597.50787pt
* \paperheight=845.04684pt
* \textwidth=418.25368pt
* \textheight=591.5302pt
* \oddsidemargin=17.3571pt
* \evensidemargin=17.3571pt
* \topmargin=-7.86334pt
* \headheight=12.0pt
* \headsep=25.0pt
* \topskip=10.0pt
* \footskip=30.0pt
* \marginparwidth=65.0pt
* \marginparsep=11.0pt
* \columnsep=10.0pt
* \skip\footins=9.0pt plus 4.0pt minus 2.0pt
* \hoffset=0.0pt
* \voffset=0.0pt
* \mag=1000
* \@twocolumnfalse
* \@twosidefalse
* \@mparswitchfalse
* \@reversemarginfalse
* (1in=72.27pt=25.4mm, 1cm=28.453pt)

(/usr/share/texlive/texmf-dist/tex/context/base/mkii/supp-pdf.mkii
[Loading MPS to PDF converter (version 2006.09.02).]
\scratchcounter=\count307
\scratchdimen=\dimen277
\scratchbox=\box66
\nofMPsegments=\count308
\nofMParguments=\count309
\everyMPshowfont=\toks46
\MPscratchCnt=\count310
\MPscratchDim=\dimen278
\MPnumerator=\count311
\makeMPintoPDFobject=\count312
\everyMPtoPDFconversion=\toks47
) (/usr/share/texlive/texmf-dist/tex/latex/epstopdf-pkg/epstopdf-base.sty
Package: epstopdf-base 2020-01-24 v2.11 Base part for package epstopdf
 (/usr/share/texlive/texmf-dist/tex/latex/grfext/grfext.sty
Package: grfext 2019/12/03 v1.3 Manage graphics extensions (HO)
)
Package epstopdf-base Info: Redefining graphics rule for `.eps' on input line 485.
Package grfext Info: Graphics extension search list:
(grfext)             [.pdf,.png,.jpg,.mps,.jpeg,.jbig2,.jb2,.PDF,.PNG,.JPG,.JPEG,.JBIG2,.JB2,.eps]
(grfext)             \AppendGraphicsExtensions on input line 504.
 (/usr/share/texlive/texmf-dist/tex/latex/latexconfig/epstopdf-sys.cfg
File: epstopdf-sys.cfg 2010/07/13 v1.3 Configuration of (r)epstopdf for TeX Live
))
Package caption Info: Begin \AtBeginDocument code.
Package caption Info: float package is loaded.
Package caption Info: hyperref package is loaded.
Package caption Info: End \AtBeginDocument code.
\AtBeginShipoutBox=\box67
Package hyperref Info: Link coloring OFF on input line 123.
 (/usr/share/texlive/texmf-dist/tex/latex/hyperref/nameref.sty
Package: nameref 2019/09/16 v2.46 Cross-referencing by name of section
 (/usr/share/texlive/texmf-dist/tex/latex/refcount/refcount.sty
Package: refcount 2019/12/15 v3.6 Data extraction from label references (HO)
) (/usr/share/texlive/texmf-dist/tex/generic/gettitlestring/gettitlestring.sty
Package: gettitlestring 2019/12/15 v1.6 Cleanup title references (HO)
)
\c@section@level=\count313
)
LaTeX Info: Redefining \ref on input line 123.
LaTeX Info: Redefining \pageref on input line 123.
LaTeX Info: Redefining \nameref on input line 123.
\@outlinefile=\write4
\openout4 = `TeethSeg_article_0.out'.

 ABD: EveryShipout initializing macros

LaTeX Warning: Citation `WU:2016' on page 1 undefined on input line 127.


LaTeX Warning: Citation `Naumovich:2015' on page 1 undefined on input line 142.


LaTeX Warning: Citation `Yuan:2020' on page 1 undefined on input line 142.


LaTeX Warning: Citation `WU:2016' on page 1 undefined on input line 142.


LaTeX Warning: Citation `WU:2016' on page 1 undefined on input line 142.


LaTeX Warning: Citation `Dollr:2006' on page 1 undefined on input line 142.

LaTeX Font Info:    Trying to load font information for U+msa on input line 142.
(/usr/share/texlive/texmf-dist/tex/latex/amsfonts/umsa.fd
File: umsa.fd 2013/01/14 v3.01 AMS symbols A
)
LaTeX Font Info:    Trying to load font information for U+msb on input line 142.
 (/usr/share/texlive/texmf-dist/tex/latex/amsfonts/umsb.fd
File: umsb.fd 2013/01/14 v3.01 AMS symbols B
)

LaTeX Warning: Citation `LeeColor:2009' on page 1 undefined on input line 142.


LaTeX Warning: Citation `LeeWater:2010' on page 1 undefined on input line 142.


LaTeX Warning: Citation `LeeRemoval:2010' on page 1 undefined on input line 142.


LaTeX Warning: Citation `LeeSegRemoval:2010' on page 1 undefined on input line 142.


LaTeX Warning: Citation `Pham:2020' on page 1 undefined on input line 142.


LaTeX Warning: Citation `Kim:2020' on page 1 undefined on input line 142.


LaTeX Warning: Citation `Zhu:2020' on page 1 undefined on input line 142.


LaTeX Warning: Citation `He:2018' on page 1 undefined on input line 142.

[1

{/var/lib/texmf/fonts/map/pdftex/updmap/pdftex.map}]

LaTeX Warning: Citation `Kass:1988' on page 2 undefined on input line 144.


LaTeX Warning: Citation `Xu:1997' on page 2 undefined on input line 144.


LaTeX Warning: Citation `Caselles:1997' on page 2 undefined on input line 144.


LaTeX Warning: Citation `COHEN:1991' on page 2 undefined on input line 144.


LaTeX Warning: Citation `Chan:2001' on page 2 undefined on input line 144.


LaTeX Warning: Citation `Zhu:1996' on page 2 undefined on input line 144.


LaTeX Warning: Citation `Park:2014' on page 2 undefined on input line 144.


LaTeX Warning: Citation `Park:2014' on page 2 undefined on input line 144.


LaTeX Warning: Reference `Subsec:GADF' on page 2 undefined on input line 151.


LaTeX Warning: Citation `Park:2014' on page 2 undefined on input line 151.


LaTeX Warning: Citation `Hahn:2006' on page 2 undefined on input line 158.


LaTeX Warning: Citation `Hahn:2010' on page 2 undefined on input line 158.

[2]

LaTeX Warning: Citation `Hahn:2010' on page 3 undefined on input line 182.


LaTeX Warning: Citation `Rousson:2003' on page 3 undefined on input line 202.


LaTeX Warning: Citation `Weickert:2004' on page 3 undefined on input line 202.


LaTeX Warning: Citation `Brox:2006' on page 3 undefined on input line 202.


LaTeX Warning: Citation `Hahn:2009' on page 3 undefined on input line 202.

[3]

LaTeX Warning: Reference `Def:gadf' on page 4 undefined on input line 211.


LaTeX Warning: Reference `Fig:weak_edges' on page 4 undefined on input line 211.


LaTeX Warning: File `./Figures/Fig1_img.png' not found on input line 218.


/home/omq/papers/TeethSegmentation/0/TeethSeg_article_0.tex:218: Package pdftex.def Error: File `./Figures/Fig1_img.png' not found: using draft setting.

See the pdftex.def package documentation for explanation.
Type  H <return>  for immediate help.
 ...                                              
                                                  
l.218 ...phics[width=10cm]{./Figures/Fig1_img.png}
                                                  
Try typing  <return>  to proceed.
If that doesn't work, type  X <return>  to quit.


LaTeX Warning: File `./Figures/Fig1_img1.png' not found on input line 228.


/home/omq/papers/TeethSegmentation/0/TeethSeg_article_0.tex:228: Package pdftex.def Error: File `./Figures/Fig1_img1.png' not found: using draft setting.

See the pdftex.def package documentation for explanation.
Type  H <return>  for immediate help.
 ...                                              
                                                  
l.228 ...ics[width=2.6cm]{./Figures/Fig1_img1.png}
                                                  
Try typing  <return>  to proceed.
If that doesn't work, type  X <return>  to quit.


LaTeX Warning: File `./Figures/Fig1_img2.png' not found on input line 229.


/home/omq/papers/TeethSegmentation/0/TeethSeg_article_0.tex:229: Package pdftex.def Error: File `./Figures/Fig1_img2.png' not found: using draft setting.

See the pdftex.def package documentation for explanation.
Type  H <return>  for immediate help.
 ...                                              
                                                  
l.229 ...ics[width=2.6cm]{./Figures/Fig1_img2.png}
                                                  
Try typing  <return>  to proceed.
If that doesn't work, type  X <return>  to quit.


LaTeX Warning: File `./Figures/Fig1_img3.png' not found on input line 230.


/home/omq/papers/TeethSegmentation/0/TeethSeg_article_0.tex:230: Package pdftex.def Error: File `./Figures/Fig1_img3.png' not found: using draft setting.

See the pdftex.def package documentation for explanation.
Type  H <return>  for immediate help.
 ...                                              
                                                  
l.230 ...ics[width=2.6cm]{./Figures/Fig1_img3.png}
                                                  
Try typing  <return>  to proceed.
If that doesn't work, type  X <return>  to quit.


LaTeX Warning: File `./Figures/Fig1_sbl1.png' not found on input line 235.


/home/omq/papers/TeethSegmentation/0/TeethSeg_article_0.tex:235: Package pdftex.def Error: File `./Figures/Fig1_sbl1.png' not found: using draft setting.

See the pdftex.def package documentation for explanation.
Type  H <return>  for immediate help.
 ...                                              
                                                  
l.235 ...ics[width=2.6cm]{./Figures/Fig1_sbl1.png}
                                                  
Try typing  <return>  to proceed.
If that doesn't work, type  X <return>  to quit.


LaTeX Warning: File `./Figures/Fig1_sbl2.png' not found on input line 236.


/home/omq/papers/TeethSegmentation/0/TeethSeg_article_0.tex:236: Package pdftex.def Error: File `./Figures/Fig1_sbl2.png' not found: using draft setting.

See the pdftex.def package documentation for explanation.
Type  H <return>  for immediate help.
 ...                                              
                                                  
l.236 ...ics[width=2.6cm]{./Figures/Fig1_sbl2.png}
                                                  
Try typing  <return>  to proceed.
If that doesn't work, type  X <return>  to quit.


LaTeX Warning: File `./Figures/Fig1_sbl3.png' not found on input line 237.


/home/omq/papers/TeethSegmentation/0/TeethSeg_article_0.tex:237: Package pdftex.def Error: File `./Figures/Fig1_sbl3.png' not found: using draft setting.

See the pdftex.def package documentation for explanation.
Type  H <return>  for immediate help.
 ...                                              
                                                  
l.237 ...ics[width=2.6cm]{./Figures/Fig1_sbl3.png}
                                                  
Try typing  <return>  to proceed.
If that doesn't work, type  X <return>  to quit.


LaTeX Warning: File `./Figures/Fig1_cny1.png' not found on input line 242.


/home/omq/papers/TeethSegmentation/0/TeethSeg_article_0.tex:242: Package pdftex.def Error: File `./Figures/Fig1_cny1.png' not found: using draft setting.

See the pdftex.def package documentation for explanation.
Type  H <return>  for immediate help.
 ...                                              
                                                  
l.242 ...ics[width=2.6cm]{./Figures/Fig1_cny1.png}
                                                  
Try typing  <return>  to proceed.
If that doesn't work, type  X <return>  to quit.


LaTeX Warning: File `./Figures/Fig1_cny2.png' not found on input line 243.


/home/omq/papers/TeethSegmentation/0/TeethSeg_article_0.tex:243: Package pdftex.def Error: File `./Figures/Fig1_cny2.png' not found: using draft setting.

See the pdftex.def package documentation for explanation.
Type  H <return>  for immediate help.
 ...                                              
                                                  
l.243 ...ics[width=2.6cm]{./Figures/Fig1_cny2.png}
                                                  
Try typing  <return>  to proceed.
If that doesn't work, type  X <return>  to quit.


LaTeX Warning: File `./Figures/Fig1_cny3.png' not found on input line 244.


/home/omq/papers/TeethSegmentation/0/TeethSeg_article_0.tex:244: Package pdftex.def Error: File `./Figures/Fig1_cny3.png' not found: using draft setting.

See the pdftex.def package documentation for explanation.
Type  H <return>  for immediate help.
 ...                                              
                                                  
l.244 ...ics[width=2.6cm]{./Figures/Fig1_cny3.png}
                                                  
Try typing  <return>  to proceed.
If that doesn't work, type  X <return>  to quit.


LaTeX Warning: File `./Figures/Fig1_er1.png' not found on input line 249.


/home/omq/papers/TeethSegmentation/0/TeethSeg_article_0.tex:249: Package pdftex.def Error: File `./Figures/Fig1_er1.png' not found: using draft setting.

See the pdftex.def package documentation for explanation.
Type  H <return>  for immediate help.
 ...                                              
                                                  
l.249 ...hics[width=2.6cm]{./Figures/Fig1_er1.png}
                                                  
Try typing  <return>  to proceed.
If that doesn't work, type  X <return>  to quit.


LaTeX Warning: File `./Figures/Fig1_er2.png' not found on input line 250.


/home/omq/papers/TeethSegmentation/0/TeethSeg_article_0.tex:250: Package pdftex.def Error: File `./Figures/Fig1_er2.png' not found: using draft setting.

See the pdftex.def package documentation for explanation.
Type  H <return>  for immediate help.
 ...                                              
                                                  
l.250 ...hics[width=2.6cm]{./Figures/Fig1_er2.png}
                                                  
Try typing  <return>  to proceed.
If that doesn't work, type  X <return>  to quit.


LaTeX Warning: File `./Figures/Fig1_er3.png' not found on input line 251.


/home/omq/papers/TeethSegmentation/0/TeethSeg_article_0.tex:251: Package pdftex.def Error: File `./Figures/Fig1_er3.png' not found: using draft setting.

See the pdftex.def package documentation for explanation.
Type  H <return>  for immediate help.
 ...                                              
                                                  
l.251 ...hics[width=2.6cm]{./Figures/Fig1_er3.png}
                                                  
Try typing  <return>  to proceed.
If that doesn't work, type  X <return>  to quit.


LaTeX Warning: Citation `MATLAB:R2021a_u1' on page 4 undefined on input line 255.


LaTeX Warning: Citation `MATLAB:R2021a_u1' on page 4 undefined on input line 255.


LaTeX Warning: Float too large for page by 1.86552pt on input line 257.


LaTeX Warning: Reference `Fig:1d' on page 4 undefined on input line 263.


LaTeX Warning: Citation `Hahn:2006' on page 4 undefined on input line 269.


LaTeX Warning: Reference `Eq:gadf' on page 4 undefined on input line 269.


LaTeX Warning: Reference `Fig:er_outside' on page 4 undefined on input line 269.


LaTeX Warning: File `./Figures/Fig2_img.png' not found on input line 277.


/home/omq/papers/TeethSegmentation/0/TeethSeg_article_0.tex:277: Package pdftex.def Error: File `./Figures/Fig2_img.png' not found: using draft setting.

See the pdftex.def package documentation for explanation.
Type  H <return>  for immediate help.
 ...                                              
                                                  
l.277 ...ics[height=2.8cm]{./Figures/Fig2_img.png}
                                                  
Try typing  <return>  to proceed.
If that doesn't work, type  X <return>  to quit.


LaTeX Warning: File `./Figures/Fig2_er.png' not found on input line 283.


/home/omq/papers/TeethSegmentation/0/TeethSeg_article_0.tex:283: Package pdftex.def Error: File `./Figures/Fig2_er.png' not found: using draft setting.

See the pdftex.def package documentation for explanation.
Type  H <return>  for immediate help.
 ...                                              
                                                  
l.283 ...hics[height=2.8cm]{./Figures/Fig2_er.png}
                                                  
Try typing  <return>  to proceed.
If that doesn't work, type  X <return>  to quit.


LaTeX Warning: File `./Figures/Fig2_reser.png' not found on input line 289.


/home/omq/papers/TeethSegmentation/0/TeethSeg_article_0.tex:289: Package pdftex.def Error: File `./Figures/Fig2_reser.png' not found: using draft setting.

See the pdftex.def package documentation for explanation.
Type  H <return>  for immediate help.
 ...                                              
                                                  
l.289 ...s[height=2.8cm]{./Figures/Fig2_reser.png}
                                                  
Try typing  <return>  to proceed.
If that doesn't work, type  X <return>  to quit.


LaTeX Warning: File `./Figures/Fig2_evolve_1/iter0.png' not found on input line 301.


/home/omq/papers/TeethSegmentation/0/TeethSeg_article_0.tex:301: Package pdftex.def Error: File `./Figures/Fig2_evolve_1/iter0.png' not found: using draft setting.

See the pdftex.def package documentation for explanation.
Type  H <return>  for immediate help.
 ...                                              
                                                  
l.301 ...2.4cm]{./Figures/Fig2_evolve_1/iter0.png}
                                                  
Try typing  <return>  to proceed.
If that doesn't work, type  X <return>  to quit.


LaTeX Warning: File `./Figures/Fig2_evolve_1/iter150.png' not found on input line 305.


/home/omq/papers/TeethSegmentation/0/TeethSeg_article_0.tex:305: Package pdftex.def Error: File `./Figures/Fig2_evolve_1/iter150.png' not found: using draft setting.

See the pdftex.def package documentation for explanation.
Type  H <return>  for immediate help.
 ...                                              
                                                  
l.305 ...4cm]{./Figures/Fig2_evolve_1/iter150.png}
                                                  
Try typing  <return>  to proceed.
If that doesn't work, type  X <return>  to quit.


LaTeX Warning: File `./Figures/Fig2_evolve_1/iter250.png' not found on input line 309.


/home/omq/papers/TeethSegmentation/0/TeethSeg_article_0.tex:309: Package pdftex.def Error: File `./Figures/Fig2_evolve_1/iter250.png' not found: using draft setting.

See the pdftex.def package documentation for explanation.
Type  H <return>  for immediate help.
 ...                                              
                                                  
l.309 ...4cm]{./Figures/Fig2_evolve_1/iter250.png}
                                                  
Try typing  <return>  to proceed.
If that doesn't work, type  X <return>  to quit.


LaTeX Warning: File `./Figures/Fig2_evolve_1/iter300.png' not found on input line 313.


/home/omq/papers/TeethSegmentation/0/TeethSeg_article_0.tex:313: Package pdftex.def Error: File `./Figures/Fig2_evolve_1/iter300.png' not found: using draft setting.

See the pdftex.def package documentation for explanation.
Type  H <return>  for immediate help.
 ...                                              
                                                  
l.313 ...4cm]{./Figures/Fig2_evolve_1/iter300.png}
                                                  
Try typing  <return>  to proceed.
If that doesn't work, type  X <return>  to quit.


LaTeX Warning: File `./Figures/Fig2_evolve_1/iter1000.png' not found on input line 317.


/home/omq/papers/TeethSegmentation/0/TeethSeg_article_0.tex:317: Package pdftex.def Error: File `./Figures/Fig2_evolve_1/iter1000.png' not found: using draft setting.

See the pdftex.def package documentation for explanation.
Type  H <return>  for immediate help.
 ...                                              
                                                  
l.317 ...cm]{./Figures/Fig2_evolve_1/iter1000.png}
                                                  
Try typing  <return>  to proceed.
If that doesn't work, type  X <return>  to quit.


LaTeX Warning: File `./Figures/Fig2_evolve_2/iter0.png' not found on input line 327.


/home/omq/papers/TeethSegmentation/0/TeethSeg_article_0.tex:327: Package pdftex.def Error: File `./Figures/Fig2_evolve_2/iter0.png' not found: using draft setting.

See the pdftex.def package documentation for explanation.
Type  H <return>  for immediate help.
 ...                                              
                                                  
l.327 ...2.4cm]{./Figures/Fig2_evolve_2/iter0.png}
                                                  
Try typing  <return>  to proceed.
If that doesn't work, type  X <return>  to quit.


LaTeX Warning: File `./Figures/Fig2_evolve_2/iter200.png' not found on input line 331.


/home/omq/papers/TeethSegmentation/0/TeethSeg_article_0.tex:331: Package pdftex.def Error: File `./Figures/Fig2_evolve_2/iter200.png' not found: using draft setting.

See the pdftex.def package documentation for explanation.
Type  H <return>  for immediate help.
 ...                                              
                                                  
l.331 ...4cm]{./Figures/Fig2_evolve_2/iter200.png}
                                                  
Try typing  <return>  to proceed.
If that doesn't work, type  X <return>  to quit.


LaTeX Warning: File `./Figures/Fig2_evolve_2/iter350.png' not found on input line 335.


/home/omq/papers/TeethSegmentation/0/TeethSeg_article_0.tex:335: Package pdftex.def Error: File `./Figures/Fig2_evolve_2/iter350.png' not found: using draft setting.

See the pdftex.def package documentation for explanation.
Type  H <return>  for immediate help.
 ...                                              
                                                  
l.335 ...4cm]{./Figures/Fig2_evolve_2/iter350.png}
                                                  
Try typing  <return>  to proceed.
If that doesn't work, type  X <return>  to quit.


LaTeX Warning: File `./Figures/Fig2_evolve_2/iter650.png' not found on input line 339.


/home/omq/papers/TeethSegmentation/0/TeethSeg_article_0.tex:339: Package pdftex.def Error: File `./Figures/Fig2_evolve_2/iter650.png' not found: using draft setting.

See the pdftex.def package documentation for explanation.
Type  H <return>  for immediate help.
 ...                                              
                                                  
l.339 ...4cm]{./Figures/Fig2_evolve_2/iter650.png}
                                                  
Try typing  <return>  to proceed.
If that doesn't work, type  X <return>  to quit.


LaTeX Warning: File `./Figures/Fig2_evolve_2/iter1000.png' not found on input line 343.


/home/omq/papers/TeethSegmentation/0/TeethSeg_article_0.tex:343: Package pdftex.def Error: File `./Figures/Fig2_evolve_2/iter1000.png' not found: using draft setting.

See the pdftex.def package documentation for explanation.
Type  H <return>  for immediate help.
 ...                                              
                                                  
l.343 ...cm]{./Figures/Fig2_evolve_2/iter1000.png}
                                                  
Try typing  <return>  to proceed.
If that doesn't work, type  X <return>  to quit.


LaTeX Warning: File `./Figures/Fig2_evolve_3/iter0.png' not found on input line 352.


/home/omq/papers/TeethSegmentation/0/TeethSeg_article_0.tex:352: Package pdftex.def Error: File `./Figures/Fig2_evolve_3/iter0.png' not found: using draft setting.

See the pdftex.def package documentation for explanation.
Type  H <return>  for immediate help.
 ...                                              
                                                  
l.352 ...2.4cm]{./Figures/Fig2_evolve_3/iter0.png}
                                                  
Try typing  <return>  to proceed.
If that doesn't work, type  X <return>  to quit.


LaTeX Warning: File `./Figures/Fig2_evolve_3/iter200.png' not found on input line 356.


/home/omq/papers/TeethSegmentation/0/TeethSeg_article_0.tex:356: Package pdftex.def Error: File `./Figures/Fig2_evolve_3/iter200.png' not found: using draft setting.

See the pdftex.def package documentation for explanation.
Type  H <return>  for immediate help.
 ...                                              
                                                  
l.356 ...4cm]{./Figures/Fig2_evolve_3/iter200.png}
                                                  
Try typing  <return>  to proceed.
If that doesn't work, type  X <return>  to quit.


LaTeX Warning: File `./Figures/Fig2_evolve_3/iter350.png' not found on input line 360.


/home/omq/papers/TeethSegmentation/0/TeethSeg_article_0.tex:360: Package pdftex.def Error: File `./Figures/Fig2_evolve_3/iter350.png' not found: using draft setting.

See the pdftex.def package documentation for explanation.
Type  H <return>  for immediate help.
 ...                                              
                                                  
l.360 ...4cm]{./Figures/Fig2_evolve_3/iter350.png}
                                                  
Try typing  <return>  to proceed.
If that doesn't work, type  X <return>  to quit.


LaTeX Warning: File `./Figures/Fig2_evolve_3/iter650.png' not found on input line 364.


/home/omq/papers/TeethSegmentation/0/TeethSeg_article_0.tex:364: Package pdftex.def Error: File `./Figures/Fig2_evolve_3/iter650.png' not found: using draft setting.

See the pdftex.def package documentation for explanation.
Type  H <return>  for immediate help.
 ...                                              
                                                  
l.364 ...4cm]{./Figures/Fig2_evolve_3/iter650.png}
                                                  
Try typing  <return>  to proceed.
If that doesn't work, type  X <return>  to quit.


LaTeX Warning: File `./Figures/Fig2_evolve_3/iter1000.png' not found on input line 368.


/home/omq/papers/TeethSegmentation/0/TeethSeg_article_0.tex:368: Package pdftex.def Error: File `./Figures/Fig2_evolve_3/iter1000.png' not found: using draft setting.

See the pdftex.def package documentation for explanation.
Type  H <return>  for immediate help.
 ...                                              
                                                  
l.368 ...cm]{./Figures/Fig2_evolve_3/iter1000.png}
                                                  
Try typing  <return>  to proceed.
If that doesn't work, type  X <return>  to quit.


LaTeX Warning: Reference `Subsec:eroutside' on page 4 undefined on input line 371.


LaTeX Warning: Reference `Eq:gadf' on page 4 undefined on input line 371.


LaTeX Warning: Reference `Subsec:eroutside' on page 4 undefined on input line 371.


LaTeX Warning: Reference `Eq:gadf' on page 4 undefined on input line 371.


LaTeX Warning: Citation `SpecRemoval:2006' on page 4 undefined on input line 379.


LaTeX Warning: Citation `SpecRemoval:2015' on page 4 undefined on input line 379.


LaTeX Warning: Citation `SpecRemoval:2016' on page 4 undefined on input line 379.


LaTeX Warning: Citation `SpecRemoval:2018' on page 4 undefined on input line 379.

[4] [5] [6]

LaTeX Warning: Citation `LeeRemoval:2010' on page 7 undefined on input line 381.


LaTeX Warning: Reference `Fig:4d' on page 7 undefined on input line 383.


LaTeX Warning: Reference `Fig:flowchart' on page 7 undefined on input line 388.


LaTeX Warning: Reference `Def:edge' on page 7 undefined on input line 449.


LaTeX Warning: Reference `Fig:flowchart' on page 7 undefined on input line 449.


LaTeX Warning: Reference `Fig:labeling' on page 7 undefined on input line 453.


LaTeX Warning: Reference `Fig:4d' on page 7 undefined on input line 455.


LaTeX Warning: No positions in optional float specifier.
               Default added (so using `tbp') on input line 458.


LaTeX Warning: File `./Figures/Fig4_img.pdf' not found on input line 462.


/home/omq/papers/TeethSegmentation/0/TeethSeg_article_0.tex:462: Package pdftex.def Error: File `./Figures/Fig4_img.pdf' not found: using draft setting.

See the pdftex.def package documentation for explanation.
Type  H <return>  for immediate help.
 ...                                              
                                                  
l.462 ...ics[height=3.8cm]{./Figures/Fig4_img.pdf}
                                                  
Try typing  <return>  to proceed.
If that doesn't work, type  X <return>  to quit.


LaTeX Warning: File `./Figures/Fig4_er.pdf' not found on input line 468.


/home/omq/papers/TeethSegmentation/0/TeethSeg_article_0.tex:468: Package pdftex.def Error: File `./Figures/Fig4_er.pdf' not found: using draft setting.

See the pdftex.def package documentation for explanation.
Type  H <return>  for immediate help.
 ...                                              
                                                  
l.468 ...hics[height=3.8cm]{./Figures/Fig4_er.pdf}
                                                  
Try typing  <return>  to proceed.
If that doesn't work, type  X <return>  to quit.


LaTeX Warning: File `./Figures/Fig4_seler.pdf' not found on input line 475.


/home/omq/papers/TeethSegmentation/0/TeethSeg_article_0.tex:475: Package pdftex.def Error: File `./Figures/Fig4_seler.pdf' not found: using draft setting.

See the pdftex.def package documentation for explanation.
Type  H <return>  for immediate help.
 ...                                              
                                                  
l.475 ...s[height=3.8cm]{./Figures/Fig4_seler.pdf}
                                                  
Try typing  <return>  to proceed.
If that doesn't work, type  X <return>  to quit.


LaTeX Warning: File `./Figures/Fig4_label.pdf' not found on input line 481.


/home/omq/papers/TeethSegmentation/0/TeethSeg_article_0.tex:481: Package pdftex.def Error: File `./Figures/Fig4_label.pdf' not found: using draft setting.

See the pdftex.def package documentation for explanation.
Type  H <return>  for immediate help.
 ...                                              
                                                  
l.481 ...s[height=3.8cm]{./Figures/Fig4_label.pdf}
                                                  
Try typing  <return>  to proceed.
If that doesn't work, type  X <return>  to quit.


LaTeX Warning: Reference `Subsec:DLT' on page 7 undefined on input line 485.


LaTeX Warning: Reference `Subsec:DLT' on page 7 undefined on input line 485.


LaTeX Warning: Citation `Ronneberger:2015' on page 7 undefined on input line 489.


LaTeX Warning: Citation `Sun:2019' on page 7 undefined on input line 489.


LaTeX Warning: Citation `Wang:2019' on page 7 undefined on input line 489.


LaTeX Warning: Citation `Yuan:2020' on page 7 undefined on input line 489.


LaTeX Warning: Citation `He:2015' on page 7 undefined on input line 489.


LaTeX Warning: Citation `Szegedy:2015' on page 7 undefined on input line 489.


LaTeX Warning: Citation `Szegedy:2016' on page 7 undefined on input line 489.


LaTeX Warning: Citation `Hu:2018' on page 7 undefined on input line 489.


LaTeX Warning: Citation `Xie:2017' on page 7 undefined on input line 489.


LaTeX Warning: Citation `Li:2019' on page 7 undefined on input line 489.


LaTeX Warning: Citation `Zhang:2020' on page 7 undefined on input line 489.


LaTeX Warning: Reference `Fig:network' on page 7 undefined on input line 489.

[7] [8]

LaTeX Warning: No positions in optional float specifier.
               Default added (so using `tbp') on input line 497.


LaTeX Warning: Reference `Subsec:DLT' on page 9 undefined on input line 563.

[9]

LaTeX Warning: Reference `Fig:er_cand' on page 10 undefined on input line 567.


LaTeX Warning: Citation `Blum:1967' on page 10 undefined on input line 569.


LaTeX Warning: Citation `Jonker:1992' on page 10 undefined on input line 569.


LaTeX Warning: Reference `App:skeleton' on page 10 undefined on input line 569.


LaTeX Warning: Reference `App:extend' on page 10 undefined on input line 569.


LaTeX Warning: Reference `Fig:ex_ends' on page 10 undefined on input line 569.


LaTeX Warning: No positions in optional float specifier.
               Default added (so using `tbp') on input line 572.


LaTeX Warning: File `./Figures/Fig8_img.pdf' not found on input line 576.


/home/omq/papers/TeethSegmentation/0/TeethSeg_article_0.tex:576: Package pdftex.def Error: File `./Figures/Fig8_img.pdf' not found: using draft setting.

See the pdftex.def package documentation for explanation.
Type  H <return>  for immediate help.
 ...                                              
                                                  
l.576 ...ics[height=3.5cm]{./Figures/Fig8_img.pdf}
                                                  
Try typing  <return>  to proceed.
If that doesn't work, type  X <return>  to quit.


LaTeX Warning: File `./Figures/Fig8_curve.pdf' not found on input line 582.


/home/omq/papers/TeethSegmentation/0/TeethSeg_article_0.tex:582: Package pdftex.def Error: File `./Figures/Fig8_curve.pdf' not found: using draft setting.

See the pdftex.def package documentation for explanation.
Type  H <return>  for immediate help.
 ...                                              
                                                  
l.582 ...s[height=3.5cm]{./Figures/Fig8_curve.pdf}
                                                  
Try typing  <return>  to proceed.
If that doesn't work, type  X <return>  to quit.


LaTeX Warning: File `./Figures/Fig8_end.pdf' not found on input line 589.


/home/omq/papers/TeethSegmentation/0/TeethSeg_article_0.tex:589: Package pdftex.def Error: File `./Figures/Fig8_end.pdf' not found: using draft setting.

See the pdftex.def package documentation for explanation.
Type  H <return>  for immediate help.
 ...                                              
                                                  
l.589 ...ics[height=3.5cm]{./Figures/Fig8_end.pdf}
                                                  
Try typing  <return>  to proceed.
If that doesn't work, type  X <return>  to quit.


LaTeX Warning: File `./Figures/Fig8_ext.pdf' not found on input line 595.


/home/omq/papers/TeethSegmentation/0/TeethSeg_article_0.tex:595: Package pdftex.def Error: File `./Figures/Fig8_ext.pdf' not found: using draft setting.

See the pdftex.def package documentation for explanation.
Type  H <return>  for immediate help.
 ...                                              
                                                  
l.595 ...ics[height=3.5cm]{./Figures/Fig8_ext.pdf}
                                                  
Try typing  <return>  to proceed.
If that doesn't work, type  X <return>  to quit.

[10]

LaTeX Warning: Reference `Fig:balloon_force' on page 11 undefined on input line 624.


LaTeX Warning: Reference `Eq:compet' on page 11 undefined on input line 624.


LaTeX Warning: Reference `Fig:balloon_force' on page 11 undefined on input line 629.


LaTeX Warning: Reference `Eq:compet2' on page 11 undefined on input line 629.


LaTeX Warning: Reference `Subsec:ObtainEr' on page 11 undefined on input line 631.


LaTeX Warning: Reference `Eq:proposed' on page 11 undefined on input line 631.


LaTeX Warning: No positions in optional float specifier.
               Default added (so using `tbp') on input line 634.


LaTeX Warning: File `./Figures/Fig8_img1/iter0.pdf' not found on input line 638.


/home/omq/papers/TeethSegmentation/0/TeethSeg_article_0.tex:638: Package pdftex.def Error: File `./Figures/Fig8_img1/iter0.pdf' not found: using draft setting.

See the pdftex.def package documentation for explanation.
Type  H <return>  for immediate help.
 ...                                              
                                                  
l.638 ...ght=3.1cm]{./Figures/Fig8_img1/iter0.pdf}
                                                  
Try typing  <return>  to proceed.
If that doesn't work, type  X <return>  to quit.


LaTeX Warning: File `./Figures/Fig8_img1/iter50.pdf' not found on input line 639.


/home/omq/papers/TeethSegmentation/0/TeethSeg_article_0.tex:639: Package pdftex.def Error: File `./Figures/Fig8_img1/iter50.pdf' not found: using draft setting.

See the pdftex.def package documentation for explanation.
Type  H <return>  for immediate help.
 ...                                              
                                                  
l.639 ...ht=3.1cm]{./Figures/Fig8_img1/iter50.pdf}
                                                  
Try typing  <return>  to proceed.
If that doesn't work, type  X <return>  to quit.


LaTeX Warning: File `./Figures/Fig8_img1/iter150.pdf' not found on input line 640.


/home/omq/papers/TeethSegmentation/0/TeethSeg_article_0.tex:640: Package pdftex.def Error: File `./Figures/Fig8_img1/iter150.pdf' not found: using draft setting.

See the pdftex.def package documentation for explanation.
Type  H <return>  for immediate help.
 ...                                              
                                                  
l.640 ...t=3.1cm]{./Figures/Fig8_img1/iter150.pdf}
                                                  
Try typing  <return>  to proceed.
If that doesn't work, type  X <return>  to quit.


LaTeX Warning: File `./Figures/Fig8_img1/iter300.pdf' not found on input line 641.


/home/omq/papers/TeethSegmentation/0/TeethSeg_article_0.tex:641: Package pdftex.def Error: File `./Figures/Fig8_img1/iter300.pdf' not found: using draft setting.

See the pdftex.def package documentation for explanation.
Type  H <return>  for immediate help.
 ...                                              
                                                  
l.641 ...t=3.1cm]{./Figures/Fig8_img1/iter300.pdf}
                                                  
Try typing  <return>  to proceed.
If that doesn't work, type  X <return>  to quit.


LaTeX Warning: File `./Figures/Fig8_img1/iter800.pdf' not found on input line 642.


/home/omq/papers/TeethSegmentation/0/TeethSeg_article_0.tex:642: Package pdftex.def Error: File `./Figures/Fig8_img1/iter800.pdf' not found: using draft setting.

See the pdftex.def package documentation for explanation.
Type  H <return>  for immediate help.
 ...                                              
                                                  
l.642 ...t=3.1cm]{./Figures/Fig8_img1/iter800.pdf}
                                                  
Try typing  <return>  to proceed.
If that doesn't work, type  X <return>  to quit.


LaTeX Warning: File `./Figures/Fig8_img2/iter0.pdf' not found on input line 648.


/home/omq/papers/TeethSegmentation/0/TeethSeg_article_0.tex:648: Package pdftex.def Error: File `./Figures/Fig8_img2/iter0.pdf' not found: using draft setting.

See the pdftex.def package documentation for explanation.
Type  H <return>  for immediate help.
 ...                                              
                                                  
l.648 ...ght=3.1cm]{./Figures/Fig8_img2/iter0.pdf}
                                                  
Try typing  <return>  to proceed.
If that doesn't work, type  X <return>  to quit.


LaTeX Warning: File `./Figures/Fig8_img2/iter40.pdf' not found on input line 649.


/home/omq/papers/TeethSegmentation/0/TeethSeg_article_0.tex:649: Package pdftex.def Error: File `./Figures/Fig8_img2/iter40.pdf' not found: using draft setting.

See the pdftex.def package documentation for explanation.
Type  H <return>  for immediate help.
 ...                                              
                                                  
l.649 ...ht=3.1cm]{./Figures/Fig8_img2/iter40.pdf}
                                                  
Try typing  <return>  to proceed.
If that doesn't work, type  X <return>  to quit.


LaTeX Warning: File `./Figures/Fig8_img2/iter100.pdf' not found on input line 650.


/home/omq/papers/TeethSegmentation/0/TeethSeg_article_0.tex:650: Package pdftex.def Error: File `./Figures/Fig8_img2/iter100.pdf' not found: using draft setting.

See the pdftex.def package documentation for explanation.
Type  H <return>  for immediate help.
 ...                                              
                                                  
l.650 ...t=3.1cm]{./Figures/Fig8_img2/iter100.pdf}
                                                  
Try typing  <return>  to proceed.
If that doesn't work, type  X <return>  to quit.


LaTeX Warning: File `./Figures/Fig8_img2/iter200.pdf' not found on input line 651.


/home/omq/papers/TeethSegmentation/0/TeethSeg_article_0.tex:651: Package pdftex.def Error: File `./Figures/Fig8_img2/iter200.pdf' not found: using draft setting.

See the pdftex.def package documentation for explanation.
Type  H <return>  for immediate help.
 ...                                              
                                                  
l.651 ...t=3.1cm]{./Figures/Fig8_img2/iter200.pdf}
                                                  
Try typing  <return>  to proceed.
If that doesn't work, type  X <return>  to quit.


LaTeX Warning: File `./Figures/Fig8_img2/iter300.pdf' not found on input line 652.


/home/omq/papers/TeethSegmentation/0/TeethSeg_article_0.tex:652: Package pdftex.def Error: File `./Figures/Fig8_img2/iter300.pdf' not found: using draft setting.

See the pdftex.def package documentation for explanation.
Type  H <return>  for immediate help.
 ...                                              
                                                  
l.652 ...t=3.1cm]{./Figures/Fig8_img2/iter300.pdf}
                                                  
Try typing  <return>  to proceed.
If that doesn't work, type  X <return>  to quit.


LaTeX Warning: File `./Figures/Fig8_img3/iter0.pdf' not found on input line 658.


/home/omq/papers/TeethSegmentation/0/TeethSeg_article_0.tex:658: Package pdftex.def Error: File `./Figures/Fig8_img3/iter0.pdf' not found: using draft setting.

See the pdftex.def package documentation for explanation.
Type  H <return>  for immediate help.
 ...                                              
                                                  
l.658 ...ght=3.1cm]{./Figures/Fig8_img3/iter0.pdf}
                                                  
Try typing  <return>  to proceed.
If that doesn't work, type  X <return>  to quit.


LaTeX Warning: File `./Figures/Fig8_img3/iter150.pdf' not found on input line 659.


/home/omq/papers/TeethSegmentation/0/TeethSeg_article_0.tex:659: Package pdftex.def Error: File `./Figures/Fig8_img3/iter150.pdf' not found: using draft setting.

See the pdftex.def package documentation for explanation.
Type  H <return>  for immediate help.
 ...                                              
                                                  
l.659 ...t=3.1cm]{./Figures/Fig8_img3/iter150.pdf}
                                                  
Try typing  <return>  to proceed.
If that doesn't work, type  X <return>  to quit.


LaTeX Warning: File `./Figures/Fig8_img3/iter300.pdf' not found on input line 660.


/home/omq/papers/TeethSegmentation/0/TeethSeg_article_0.tex:660: Package pdftex.def Error: File `./Figures/Fig8_img3/iter300.pdf' not found: using draft setting.

See the pdftex.def package documentation for explanation.
Type  H <return>  for immediate help.
 ...                                              
                                                  
l.660 ...t=3.1cm]{./Figures/Fig8_img3/iter300.pdf}
                                                  
Try typing  <return>  to proceed.
If that doesn't work, type  X <return>  to quit.


LaTeX Warning: File `./Figures/Fig8_img3/iter500.pdf' not found on input line 661.


/home/omq/papers/TeethSegmentation/0/TeethSeg_article_0.tex:661: Package pdftex.def Error: File `./Figures/Fig8_img3/iter500.pdf' not found: using draft setting.

See the pdftex.def package documentation for explanation.
Type  H <return>  for immediate help.
 ...                                              
                                                  
l.661 ...t=3.1cm]{./Figures/Fig8_img3/iter500.pdf}
                                                  
Try typing  <return>  to proceed.
If that doesn't work, type  X <return>  to quit.


LaTeX Warning: File `./Figures/Fig8_img3/iter1000.pdf' not found on input line 662.


/home/omq/papers/TeethSegmentation/0/TeethSeg_article_0.tex:662: Package pdftex.def Error: File `./Figures/Fig8_img3/iter1000.pdf' not found: using draft setting.

See the pdftex.def package documentation for explanation.
Type  H <return>  for immediate help.
 ...                                              
                                                  
l.662 ...=3.1cm]{./Figures/Fig8_img3/iter1000.pdf}
                                                  
Try typing  <return>  to proceed.
If that doesn't work, type  X <return>  to quit.


LaTeX Warning: File `./Figures/Fig8_img4/iter0.pdf' not found on input line 668.


/home/omq/papers/TeethSegmentation/0/TeethSeg_article_0.tex:668: Package pdftex.def Error: File `./Figures/Fig8_img4/iter0.pdf' not found: using draft setting.

See the pdftex.def package documentation for explanation.
Type  H <return>  for immediate help.
 ...                                              
                                                  
l.668 ...ght=3.1cm]{./Figures/Fig8_img4/iter0.pdf}
                                                  
Try typing  <return>  to proceed.
If that doesn't work, type  X <return>  to quit.


LaTeX Warning: File `./Figures/Fig8_img4/iter250.pdf' not found on input line 669.


/home/omq/papers/TeethSegmentation/0/TeethSeg_article_0.tex:669: Package pdftex.def Error: File `./Figures/Fig8_img4/iter250.pdf' not found: using draft setting.

See the pdftex.def package documentation for explanation.
Type  H <return>  for immediate help.
 ...                                              
                                                  
l.669 ...t=3.1cm]{./Figures/Fig8_img4/iter250.pdf}
                                                  
Try typing  <return>  to proceed.
If that doesn't work, type  X <return>  to quit.


LaTeX Warning: File `./Figures/Fig8_img4/iter400.pdf' not found on input line 670.


/home/omq/papers/TeethSegmentation/0/TeethSeg_article_0.tex:670: Package pdftex.def Error: File `./Figures/Fig8_img4/iter400.pdf' not found: using draft setting.

See the pdftex.def package documentation for explanation.
Type  H <return>  for immediate help.
 ...                                              
                                                  
l.670 ...t=3.1cm]{./Figures/Fig8_img4/iter400.pdf}
                                                  
Try typing  <return>  to proceed.
If that doesn't work, type  X <return>  to quit.


LaTeX Warning: File `./Figures/Fig8_img4/iter600.pdf' not found on input line 671.


/home/omq/papers/TeethSegmentation/0/TeethSeg_article_0.tex:671: Package pdftex.def Error: File `./Figures/Fig8_img4/iter600.pdf' not found: using draft setting.

See the pdftex.def package documentation for explanation.
Type  H <return>  for immediate help.
 ...                                              
                                                  
l.671 ...t=3.1cm]{./Figures/Fig8_img4/iter600.pdf}
                                                  
Try typing  <return>  to proceed.
If that doesn't work, type  X <return>  to quit.


LaTeX Warning: File `./Figures/Fig8_img4/iter1000.pdf' not found on input line 672.


/home/omq/papers/TeethSegmentation/0/TeethSeg_article_0.tex:672: Package pdftex.def Error: File `./Figures/Fig8_img4/iter1000.pdf' not found: using draft setting.

See the pdftex.def package documentation for explanation.
Type  H <return>  for immediate help.
 ...                                              
                                                  
l.672 ...=3.1cm]{./Figures/Fig8_img4/iter1000.pdf}
                                                  
Try typing  <return>  to proceed.
If that doesn't work, type  X <return>  to quit.


LaTeX Warning: Reference `Eq:compet2' on page 11 undefined on input line 676.


LaTeX Warning: Reference `Eq:compet2' on page 11 undefined on input line 676.


LaTeX Warning: Reference `Subsec:SegLevelset' on page 11 undefined on input line 684.

[11] [12]

LaTeX Warning: Reference `App:classVline' on page 13 undefined on input line 690.


LaTeX Warning: Reference `Def:class_1' on page 13 undefined on input line 692.


LaTeX Warning: Reference `Eq:proposed' on page 13 undefined on input line 698.


LaTeX Warning: Citation `SUSSMAN:1994' on page 13 undefined on input line 698.


LaTeX Warning: Reference `App:skeleton' on page 13 undefined on input line 698.


LaTeX Warning: Citation `Zhang:1984' on page 13 undefined on input line 698.

[13]

LaTeX Warning: Citation `Kingma:2017' on page 14 undefined on input line 709.


LaTeX Warning: Reference `Fig:results' on page 14 undefined on input line 709.


LaTeX Warning: No positions in optional float specifier.
               Default added (so using `tbp') on input line 712.


LaTeX Warning: File `./Figures/Fig10_img0.pdf' not found on input line 716.


/home/omq/papers/TeethSegmentation/0/TeethSeg_article_0.tex:716: Package pdftex.def Error: File `./Figures/Fig10_img0.pdf' not found: using draft setting.

See the pdftex.def package documentation for explanation.
Type  H <return>  for immediate help.
 ...                                              
                                                  
l.716 ...cs[width=4.2cm]{./Figures/Fig10_img0.pdf}
                                                  
Try typing  <return>  to proceed.
If that doesn't work, type  X <return>  to quit.


LaTeX Warning: File `./Figures/Fig10_img1.pdf' not found on input line 717.


/home/omq/papers/TeethSegmentation/0/TeethSeg_article_0.tex:717: Package pdftex.def Error: File `./Figures/Fig10_img1.pdf' not found: using draft setting.

See the pdftex.def package documentation for explanation.
Type  H <return>  for immediate help.
 ...                                              
                                                  
l.717 ...cs[width=4.2cm]{./Figures/Fig10_img1.pdf}
                                                  
Try typing  <return>  to proceed.
If that doesn't work, type  X <return>  to quit.


LaTeX Warning: File `./Figures/Fig10_img5.pdf' not found on input line 718.


/home/omq/papers/TeethSegmentation/0/TeethSeg_article_0.tex:718: Package pdftex.def Error: File `./Figures/Fig10_img5.pdf' not found: using draft setting.

See the pdftex.def package documentation for explanation.
Type  H <return>  for immediate help.
 ...                                              
                                                  
l.718 ...cs[width=4.2cm]{./Figures/Fig10_img5.pdf}
                                                  
Try typing  <return>  to proceed.
If that doesn't work, type  X <return>  to quit.


LaTeX Warning: File `./Figures/Fig10_img8.pdf' not found on input line 719.


/home/omq/papers/TeethSegmentation/0/TeethSeg_article_0.tex:719: Package pdftex.def Error: File `./Figures/Fig10_img8.pdf' not found: using draft setting.

See the pdftex.def package documentation for explanation.
Type  H <return>  for immediate help.
 ...                                              
                                                  
l.719 ...cs[width=4.2cm]{./Figures/Fig10_img8.pdf}
                                                  
Try typing  <return>  to proceed.
If that doesn't work, type  X <return>  to quit.


LaTeX Warning: File `./Figures/Fig10_img18.pdf' not found on input line 720.


/home/omq/papers/TeethSegmentation/0/TeethSeg_article_0.tex:720: Package pdftex.def Error: File `./Figures/Fig10_img18.pdf' not found: using draft setting.

See the pdftex.def package documentation for explanation.
Type  H <return>  for immediate help.
 ...                                              
                                                  
l.720 ...s[width=4.2cm]{./Figures/Fig10_img18.pdf}
                                                  
Try typing  <return>  to proceed.
If that doesn't work, type  X <return>  to quit.


LaTeX Warning: File `./Figures/Fig10_img17.pdf' not found on input line 721.


/home/omq/papers/TeethSegmentation/0/TeethSeg_article_0.tex:721: Package pdftex.def Error: File `./Figures/Fig10_img17.pdf' not found: using draft setting.

See the pdftex.def package documentation for explanation.
Type  H <return>  for immediate help.
 ...                                              
                                                  
l.721 ...s[width=4.2cm]{./Figures/Fig10_img17.pdf}
                                                  
Try typing  <return>  to proceed.
If that doesn't work, type  X <return>  to quit.


LaTeX Warning: File `./Figures/Fig10_neter0.pdf' not found on input line 726.


/home/omq/papers/TeethSegmentation/0/TeethSeg_article_0.tex:726: Package pdftex.def Error: File `./Figures/Fig10_neter0.pdf' not found: using draft setting.

See the pdftex.def package documentation for explanation.
Type  H <return>  for immediate help.
 ...                                              
                                                  
l.726 ...[width=4.2cm]{./Figures/Fig10_neter0.pdf}
                                                  
Try typing  <return>  to proceed.
If that doesn't work, type  X <return>  to quit.


LaTeX Warning: File `./Figures/Fig10_neter1.pdf' not found on input line 727.


/home/omq/papers/TeethSegmentation/0/TeethSeg_article_0.tex:727: Package pdftex.def Error: File `./Figures/Fig10_neter1.pdf' not found: using draft setting.

See the pdftex.def package documentation for explanation.
Type  H <return>  for immediate help.
 ...                                              
                                                  
l.727 ...[width=4.2cm]{./Figures/Fig10_neter1.pdf}
                                                  
Try typing  <return>  to proceed.
If that doesn't work, type  X <return>  to quit.


LaTeX Warning: File `./Figures/Fig10_neter5.pdf' not found on input line 728.


/home/omq/papers/TeethSegmentation/0/TeethSeg_article_0.tex:728: Package pdftex.def Error: File `./Figures/Fig10_neter5.pdf' not found: using draft setting.

See the pdftex.def package documentation for explanation.
Type  H <return>  for immediate help.
 ...                                              
                                                  
l.728 ...[width=4.2cm]{./Figures/Fig10_neter5.pdf}
                                                  
Try typing  <return>  to proceed.
If that doesn't work, type  X <return>  to quit.


LaTeX Warning: File `./Figures/Fig10_neter8.pdf' not found on input line 729.


/home/omq/papers/TeethSegmentation/0/TeethSeg_article_0.tex:729: Package pdftex.def Error: File `./Figures/Fig10_neter8.pdf' not found: using draft setting.

See the pdftex.def package documentation for explanation.
Type  H <return>  for immediate help.
 ...                                              
                                                  
l.729 ...[width=4.2cm]{./Figures/Fig10_neter8.pdf}
                                                  
Try typing  <return>  to proceed.
If that doesn't work, type  X <return>  to quit.


LaTeX Warning: File `./Figures/Fig10_neter18.pdf' not found on input line 730.


/home/omq/papers/TeethSegmentation/0/TeethSeg_article_0.tex:730: Package pdftex.def Error: File `./Figures/Fig10_neter18.pdf' not found: using draft setting.

See the pdftex.def package documentation for explanation.
Type  H <return>  for immediate help.
 ...                                              
                                                  
l.730 ...width=4.2cm]{./Figures/Fig10_neter18.pdf}
                                                  
Try typing  <return>  to proceed.
If that doesn't work, type  X <return>  to quit.


LaTeX Warning: File `./Figures/Fig10_neter17.pdf' not found on input line 731.


/home/omq/papers/TeethSegmentation/0/TeethSeg_article_0.tex:731: Package pdftex.def Error: File `./Figures/Fig10_neter17.pdf' not found: using draft setting.

See the pdftex.def package documentation for explanation.
Type  H <return>  for immediate help.
 ...                                              
                                                  
l.731 ...width=4.2cm]{./Figures/Fig10_neter17.pdf}
                                                  
Try typing  <return>  to proceed.
If that doesn't work, type  X <return>  to quit.


LaTeX Warning: File `./Figures/Fig10_res0.pdf' not found on input line 737.


/home/omq/papers/TeethSegmentation/0/TeethSeg_article_0.tex:737: Package pdftex.def Error: File `./Figures/Fig10_res0.pdf' not found: using draft setting.

See the pdftex.def package documentation for explanation.
Type  H <return>  for immediate help.
 ...                                              
                                                  
l.737 ...cs[width=4.2cm]{./Figures/Fig10_res0.pdf}
                                                  
Try typing  <return>  to proceed.
If that doesn't work, type  X <return>  to quit.


LaTeX Warning: File `./Figures/Fig10_res1.pdf' not found on input line 738.


/home/omq/papers/TeethSegmentation/0/TeethSeg_article_0.tex:738: Package pdftex.def Error: File `./Figures/Fig10_res1.pdf' not found: using draft setting.

See the pdftex.def package documentation for explanation.
Type  H <return>  for immediate help.
 ...                                              
                                                  
l.738 ...cs[width=4.2cm]{./Figures/Fig10_res1.pdf}
                                                  
Try typing  <return>  to proceed.
If that doesn't work, type  X <return>  to quit.


LaTeX Warning: File `./Figures/Fig10_res5.pdf' not found on input line 739.


/home/omq/papers/TeethSegmentation/0/TeethSeg_article_0.tex:739: Package pdftex.def Error: File `./Figures/Fig10_res5.pdf' not found: using draft setting.

See the pdftex.def package documentation for explanation.
Type  H <return>  for immediate help.
 ...                                              
                                                  
l.739 ...cs[width=4.2cm]{./Figures/Fig10_res5.pdf}
                                                  
Try typing  <return>  to proceed.
If that doesn't work, type  X <return>  to quit.


LaTeX Warning: File `./Figures/Fig10_res8.pdf' not found on input line 740.


/home/omq/papers/TeethSegmentation/0/TeethSeg_article_0.tex:740: Package pdftex.def Error: File `./Figures/Fig10_res8.pdf' not found: using draft setting.

See the pdftex.def package documentation for explanation.
Type  H <return>  for immediate help.
 ...                                              
                                                  
l.740 ...cs[width=4.2cm]{./Figures/Fig10_res8.pdf}
                                                  
Try typing  <return>  to proceed.
If that doesn't work, type  X <return>  to quit.


LaTeX Warning: File `./Figures/Fig10_res18.pdf' not found on input line 741.


/home/omq/papers/TeethSegmentation/0/TeethSeg_article_0.tex:741: Package pdftex.def Error: File `./Figures/Fig10_res18.pdf' not found: using draft setting.

See the pdftex.def package documentation for explanation.
Type  H <return>  for immediate help.
 ...                                              
                                                  
l.741 ...s[width=4.2cm]{./Figures/Fig10_res18.pdf}
                                                  
Try typing  <return>  to proceed.
If that doesn't work, type  X <return>  to quit.


LaTeX Warning: File `./Figures/Fig10_res17.pdf' not found on input line 742.


/home/omq/papers/TeethSegmentation/0/TeethSeg_article_0.tex:742: Package pdftex.def Error: File `./Figures/Fig10_res17.pdf' not found: using draft setting.

See the pdftex.def package documentation for explanation.
Type  H <return>  for immediate help.
 ...                                              
                                                  
l.742 ...s[width=4.2cm]{./Figures/Fig10_res17.pdf}
                                                  
Try typing  <return>  to proceed.
If that doesn't work, type  X <return>  to quit.


LaTeX Warning: Float too large for page by 181.52135pt on input line 748.


LaTeX Warning: Reference `Fig:ends' on page 14 undefined on input line 821.

[14] [15]

LaTeX Warning: No positions in optional float specifier.
               Default added (so using `tbp') on input line 831.

[16]

LaTeX Warning: Reference `Subsec:SegLevelset' on page 17 undefined on input line 876.


LaTeX Warning: Citation `Zeileis:2009' on page 17 undefined on input line 876.

No file TeethSeg_article_0.bbl.
[17]
Package atveryend Info: Empty hook `BeforeClearDocument' on input line 886.
Package atveryend Info: Empty hook `AfterLastShipout' on input line 886.
 (/home/omq/papers/TeethSegmentation/0/TeethSeg_article_0.aux)
Package atveryend Info: Executing hook `AtVeryEndDocument' on input line 886.
Package atveryend Info: Executing hook `AtEndAfterFileList' on input line 886.


Package rerunfilecheck Warning: File `TeethSeg_article_0.out' has changed.
(rerunfilecheck)                Rerun to get outlines right
(rerunfilecheck)                or use package `bookmark'.

Package rerunfilecheck Info: Checksums for `TeethSeg_article_0.out':
(rerunfilecheck)             Before: <no file>
(rerunfilecheck)             After:  1A30C239172DE3DACE65DB57587549F6;1231.

LaTeX Warning: There were undefined references.


LaTeX Warning: Label(s) may have changed. Rerun to get cross-references right.

Package atveryend Info: Empty hook `AtVeryVeryEnd' on input line 886.
 ) 
Here is how much of TeX's memory you used:
 22260 strings out of 481239
 432895 string characters out of 5920377
 649955 words of memory out of 5000000
 36891 multiletter control sequences out of 15000+600000
 543860 words of font info for 67 fonts, out of 8000000 for 9000
 1141 hyphenation exceptions out of 8191
 60i,15n,60p,2572b,1006s stack positions out of 5000i,500n,10000p,200000b,80000s
{/usr/share/texmf/fonts/enc/dvips/cm-super/cm-super-ts1.enc}</usr/share/texlive/texmf-dist/fonts/type1/public/amsfonts/cm/cmbx10.pfb></usr/share/texlive/texmf-dist/fonts/type1/public/amsfonts/cm/cmbx12.pfb></usr/share/texlive/texmf-dist/fonts/type1/public/amsfonts/cm/cmbx9.pfb></usr/share/texlive/texmf-dist/fonts/type1/public/amsfonts/cm/cmex10.pfb></usr/share/texlive/texmf-dist/fonts/type1/public/amsfonts/cm/cmmi10.pfb></usr/share/texlive/texmf-dist/fonts/type1/public/amsfonts/cm/cmmi5.pfb></usr/share/texlive/texmf-dist/fonts/type1/public/amsfonts/cm/cmmi6.pfb></usr/share/texlive/texmf-dist/fonts/type1/public/amsfonts/cm/cmmi7.pfb></usr/share/texlive/texmf-dist/fonts/type1/public/amsfonts/cm/cmmi9.pfb></usr/share/texlive/texmf-dist/fonts/type1/public/amsfonts/cm/cmr10.pfb></usr/share/texlive/texmf-dist/fonts/type1/public/amsfonts/cm/cmr12.pfb></usr/share/texlive/texmf-dist/fonts/type1/public/amsfonts/cm/cmr17.pfb></usr/share/texlive/texmf-dist/fonts/type1/public/amsfonts/cm/cmr5.pfb></usr/share/texlive/texmf-dist/fonts/type1/public/amsfonts/cm/cmr7.pfb></usr/share/texlive/texmf-dist/fonts/type1/public/amsfonts/cm/cmr9.pfb></usr/share/texlive/texmf-dist/fonts/type1/public/amsfonts/cm/cmsy10.pfb></usr/share/texlive/texmf-dist/fonts/type1/public/amsfonts/cm/cmsy7.pfb></usr/share/texlive/texmf-dist/fonts/type1/public/amsfonts/cm/cmtt10.pfb></usr/share/texlive/texmf-dist/fonts/type1/public/amsfonts/symbols/msbm10.pfb></usr/share/texmf/fonts/type1/public/cm-super/sfrm1000.pfb>
Output written on /home/omq/papers/TeethSegmentation/0/TeethSeg_article_0.pdf (17 pages, 282212 bytes).
PDF statistics:
 210 PDF objects out of 1000 (max. 8388607)
 169 compressed objects within 2 object streams
 52 named destinations out of 1000 (max. 500000)
 13 words of extra memory for PDF output out of 10000 (max. 10000000)

