This is pdfTeX, Version 3.14159265-2.6-1.40.20 (TeX Live 2019/Debian) (preloaded format=pdflatex 2021.2.26)  20 OCT 2021 16:34
entering extended mode
 restricted \write18 enabled.
 file:line:error style messages enabled.
 %&-line parsing enabled.
**/home/omq/papers/TeethSegmentation/TeethSeg_article.tex
(/home/omq/papers/TeethSegmentation/TeethSeg_article.tex
LaTeX2e <2020-02-02> patch level 2
L3 programming layer <2020-02-14> (/usr/share/texlive/texmf-dist/tex/latex/base/article.cls
Document Class: article 2019/12/20 v1.4l Standard LaTeX document class
(/usr/share/texlive/texmf-dist/tex/latex/base/size10.clo
File: size10.clo 2019/12/20 v1.4l Standard LaTeX file (size option)
)
\c@part=\count167
\c@section=\count168
\c@subsection=\count169
\c@subsubsection=\count170
\c@paragraph=\count171
\c@subparagraph=\count172
\c@figure=\count173
\c@table=\count174
\abovecaptionskip=\skip47
\belowcaptionskip=\skip48
\bibindent=\dimen134
) (/usr/share/texlive/texmf-dist/tex/latex/base/inputenc.sty
Package: inputenc 2018/08/11 v1.3c Input encoding file
\inpenc@prehook=\toks14
\inpenc@posthook=\toks15
) (/usr/share/texlive/texmf-dist/tex/latex/geometry/geometry.sty
Package: geometry 2020/01/02 v5.9 Page Geometry
 (/usr/share/texlive/texmf-dist/tex/latex/graphics/keyval.sty
Package: keyval 2014/10/28 v1.15 key=value parser (DPC)
\KV@toks@=\toks16
) (/usr/share/texlive/texmf-dist/tex/generic/iftex/ifvtex.sty
Package: ifvtex 2019/10/25 v1.7 ifvtex legacy package. Use iftex instead.
 (/usr/share/texlive/texmf-dist/tex/generic/iftex/iftex.sty
Package: iftex 2019/11/07 v1.0c TeX engine tests
))
\Gm@cnth=\count175
\Gm@cntv=\count176
\c@Gm@tempcnt=\count177
\Gm@bindingoffset=\dimen135
\Gm@wd@mp=\dimen136
\Gm@odd@mp=\dimen137
\Gm@even@mp=\dimen138
\Gm@layoutwidth=\dimen139
\Gm@layoutheight=\dimen140
\Gm@layouthoffset=\dimen141
\Gm@layoutvoffset=\dimen142
\Gm@dimlist=\toks17
) (/usr/share/texlive/texmf-dist/tex/latex/preprint/authblk.sty
Package: authblk 2001/02/27 1.3 (PWD)
\affilsep=\skip49
\@affilsep=\skip50
\c@Maxaffil=\count178
\c@authors=\count179
\c@affil=\count180
) (/usr/share/texlive/texmf-dist/tex/latex/graphics/graphicx.sty
Package: graphicx 2019/11/30 v1.2a Enhanced LaTeX Graphics (DPC,SPQR)
 (/usr/share/texlive/texmf-dist/tex/latex/graphics/graphics.sty
Package: graphics 2019/11/30 v1.4a Standard LaTeX Graphics (DPC,SPQR)
 (/usr/share/texlive/texmf-dist/tex/latex/graphics/trig.sty
Package: trig 2016/01/03 v1.10 sin cos tan (DPC)
) (/usr/share/texlive/texmf-dist/tex/latex/graphics-cfg/graphics.cfg
File: graphics.cfg 2016/06/04 v1.11 sample graphics configuration
)
Package graphics Info: Driver file: pdftex.def on input line 105.
 (/usr/share/texlive/texmf-dist/tex/latex/graphics-def/pdftex.def
File: pdftex.def 2018/01/08 v1.0l Graphics/color driver for pdftex
))
\Gin@req@height=\dimen143
\Gin@req@width=\dimen144
) (/usr/share/texlive/texmf-dist/tex/latex/caption/subcaption.sty
Package: subcaption 2020/01/22 v1.3d Sub-captions (AR)
 (/usr/share/texlive/texmf-dist/tex/latex/caption/caption.sty
Package: caption 2020/01/03 v3.4h Customizing captions (AR)
 (/usr/share/texlive/texmf-dist/tex/latex/caption/caption3.sty
Package: caption3 2020/01/03 v1.8h caption3 kernel (AR)
Package caption3 Info: TeX engine: e-TeX on input line 61.
\captionmargin=\dimen145
\captionmargin@=\dimen146
\captionwidth=\dimen147
\caption@tempdima=\dimen148
\caption@indent=\dimen149
\caption@parindent=\dimen150
\caption@hangindent=\dimen151
Package caption Info: Standard document class detected.
)
\c@caption@flags=\count181
\c@continuedfloat=\count182
)
\c@subfigure=\count183
\c@subtable=\count184
) (/usr/share/texlive/texmf-dist/tex/latex/amsmath/amsmath.sty
Package: amsmath 2020/01/20 v2.17e AMS math features
\@mathmargin=\skip51

For additional information on amsmath, use the `?' option.
(/usr/share/texlive/texmf-dist/tex/latex/amsmath/amstext.sty
Package: amstext 2000/06/29 v2.01 AMS text
 (/usr/share/texlive/texmf-dist/tex/latex/amsmath/amsgen.sty
File: amsgen.sty 1999/11/30 v2.0 generic functions
\@emptytoks=\toks18
\ex@=\dimen152
)) (/usr/share/texlive/texmf-dist/tex/latex/amsmath/amsbsy.sty
Package: amsbsy 1999/11/29 v1.2d Bold Symbols
\pmbraise@=\dimen153
) (/usr/share/texlive/texmf-dist/tex/latex/amsmath/amsopn.sty
Package: amsopn 2016/03/08 v2.02 operator names
)
\inf@bad=\count185
LaTeX Info: Redefining \frac on input line 227.
\uproot@=\count186
\leftroot@=\count187
LaTeX Info: Redefining \overline on input line 389.
\classnum@=\count188
\DOTSCASE@=\count189
LaTeX Info: Redefining \ldots on input line 486.
LaTeX Info: Redefining \dots on input line 489.
LaTeX Info: Redefining \cdots on input line 610.
\Mathstrutbox@=\box45
\strutbox@=\box46
\big@size=\dimen154
LaTeX Font Info:    Redeclaring font encoding OML on input line 733.
LaTeX Font Info:    Redeclaring font encoding OMS on input line 734.
\macc@depth=\count190
\c@MaxMatrixCols=\count191
\dotsspace@=\muskip16
\c@parentequation=\count192
\dspbrk@lvl=\count193
\tag@help=\toks19
\row@=\count194
\column@=\count195
\maxfields@=\count196
\andhelp@=\toks20
\eqnshift@=\dimen155
\alignsep@=\dimen156
\tagshift@=\dimen157
\tagwidth@=\dimen158
\totwidth@=\dimen159
\lineht@=\dimen160
\@envbody=\toks21
\multlinegap=\skip52
\multlinetaggap=\skip53
\mathdisplay@stack=\toks22
LaTeX Info: Redefining \[ on input line 2859.
LaTeX Info: Redefining \] on input line 2860.
) (/usr/share/texlive/texmf-dist/tex/latex/amsfonts/amssymb.sty
Package: amssymb 2013/01/14 v3.01 AMS font symbols
 (/usr/share/texlive/texmf-dist/tex/latex/amsfonts/amsfonts.sty
Package: amsfonts 2013/01/14 v3.01 Basic AMSFonts support
\symAMSa=\mathgroup4
\symAMSb=\mathgroup5
LaTeX Font Info:    Redeclaring math symbol \hbar on input line 98.
LaTeX Font Info:    Overwriting math alphabet `\mathfrak' in version `bold'
(Font)                  U/euf/m/n --> U/euf/b/n on input line 106.
)) (/usr/share/texlive/texmf-dist/tex/latex/amscls/amsthm.sty
Package: amsthm 2017/10/31 v2.20.4
\thm@style=\toks23
\thm@bodyfont=\toks24
\thm@headfont=\toks25
\thm@notefont=\toks26
\thm@headpunct=\toks27
\thm@preskip=\skip54
\thm@postskip=\skip55
\thm@headsep=\skip56
\dth@everypar=\toks28
) (/usr/share/texlive/texmf-dist/tex/latex/tools/bm.sty
Package: bm 2019/07/24 v1.2d Bold Symbol Support (DPC/FMi)
\symboldoperators=\mathgroup6
\symboldletters=\mathgroup7
\symboldsymbols=\mathgroup8
LaTeX Font Info:    Redeclaring math alphabet \mathbf on input line 141.
LaTeX Info: Redefining \bm on input line 209.
) (/usr/share/texlive/texmf-dist/tex/latex/algorithms/algorithm.sty
Package: algorithm 2009/08/24 v0.1 Document Style `algorithm' - floating environment
 (/usr/share/texlive/texmf-dist/tex/latex/float/float.sty
Package: float 2001/11/08 v1.3d Float enhancements (AL)
\c@float@type=\count197
\float@exts=\toks29
\float@box=\box47
\@float@everytoks=\toks30
\@floatcapt=\box48
) (/usr/share/texlive/texmf-dist/tex/latex/base/ifthen.sty
Package: ifthen 2014/09/29 v1.1c Standard LaTeX ifthen package (DPC)
)
\@float@every@algorithm=\toks31
\c@algorithm=\count198
) (/usr/share/texlive/texmf-dist/tex/latex/algorithms/algorithmic.sty
Package: algorithmic 2009/08/24 v0.1 Document Style `algorithmic'
\c@ALC@unique=\count199
\c@ALC@line=\count266
\c@ALC@rem=\count267
\c@ALC@depth=\count268
\ALC@tlm=\skip57
\algorithmicindent=\skip58
) (/usr/share/texlive/texmf-dist/tex/latex/multirow/multirow.sty
Package: multirow 2019/05/31 v2.5 Span multiple rows of a table
\multirow@colwidth=\skip59
\multirow@cntb=\count269
\multirow@dima=\skip60
\bigstrutjot=\dimen161
) (/usr/share/texlive/texmf-dist/tex/latex/bbm-macros/bbm.sty
Package: bbm 1999/03/15 V 1.2 provides fonts for set symbols - TH
LaTeX Font Info:    Overwriting math alphabet `\mathbbm' in version `bold'
(Font)                  U/bbm/m/n --> U/bbm/bx/n on input line 33.
LaTeX Font Info:    Overwriting math alphabet `\mathbbmss' in version `bold'
(Font)                  U/bbmss/m/n --> U/bbmss/bx/n on input line 35.
) (/usr/share/texlive/texmf-dist/tex/latex/cjk-ko/kotex.sty
Package: kotex 2015/04/19 v1.6 Korean TeX (ko.TeX)
 (/usr/share/texlive/texmf-dist/tex/latex/kotex-utf/kotex.cfg) (/usr/share/texlive/texmf-dist/tex/latex/kotex-utf/kotexutf.sty
Package: kotexutf 2015/07/18 v2.1.1 typesetting UTF-8 Korean documents
 (/usr/share/texlive/texmf-dist/tex/plain/kotex-plain/kotexutf-core.tex
\unih@ngulpoint=\count270
\dhucs@emph@raise=\dimen162
)
Now handling font encoding LUC ...
... processing UTF-8 mapping file for font encoding LUC
 (/usr/share/texlive/texmf-dist/tex/latex/kotex-utf/lucenc.dfu
File: lucenc.dfu 2007/09/05 UTF-8 support for dhucs
   defining Unicode char U+00B7 (decimal 183)
   defining Unicode char U+2018 (decimal 8216)
   defining Unicode char U+2019 (decimal 8217)
   defining Unicode char U+201C (decimal 8220)
   defining Unicode char U+201D (decimal 8221)
   defining Unicode char U+3001 (decimal 12289)
   defining Unicode char U+3002 (decimal 12290)
   defining Unicode char U+3008 (decimal 12296)
   defining Unicode char U+3009 (decimal 12297)
   defining Unicode char U+300A (decimal 12298)
   defining Unicode char U+300B (decimal 12299)
   defining Unicode char U+300C (decimal 12300)
   defining Unicode char U+300D (decimal 12301)
   defining Unicode char U+300E (decimal 12302)
   defining Unicode char U+300F (decimal 12303)
   defining Unicode char U+3010 (decimal 12304)
   defining Unicode char U+3011 (decimal 12305)
   defining Unicode char U+3014 (decimal 12308)
   defining Unicode char U+3015 (decimal 12309)
   defining Unicode char U+3016 (decimal 12310)
   defining Unicode char U+3017 (decimal 12311)
   defining Unicode char U+3018 (decimal 12312)
   defining Unicode char U+3019 (decimal 12313)
   defining Unicode char U+301A (decimal 12314)
   defining Unicode char U+301B (decimal 12315)
   defining Unicode char U+FF01 (decimal 65281)
   defining Unicode char U+FF08 (decimal 65288)
   defining Unicode char U+FF09 (decimal 65289)
   defining Unicode char U+FF0C (decimal 65292)
   defining Unicode char U+FF0E (decimal 65294)
   defining Unicode char U+FF1A (decimal 65306)
   defining Unicode char U+FF1B (decimal 65307)
   defining Unicode char U+FF1C (decimal 65308)
   defining Unicode char U+FF1D (decimal 65309)
   defining Unicode char U+FF1E (decimal 65310)
   defining Unicode char U+FF1F (decimal 65311)
   defining Unicode char U+FF3B (decimal 65339)
   defining Unicode char U+FF3D (decimal 65341)
   defining Unicode char U+FF5B (decimal 65371)
   defining Unicode char U+FF5D (decimal 65373)
   defining Unicode char U+FF61 (decimal 65377)
   defining Unicode char U+FF62 (decimal 65378)
   defining Unicode char U+FF63 (decimal 65379)
   defining Unicode char U+FF64 (decimal 65380)
   defining Unicode char U+FF65 (decimal 65381)
)
\@josa=\count271
\josatoks=\toks32
 (/usr/share/texlive/texmf-dist/tex/latex/cjk-ko/kolabels-utf.sty
Package: kolabels-utf 2015/03/20 v1.5 UTF-8 Hangul item labels
))) (/usr/share/texlive/texmf-dist/tex/latex/pgf/frontendlayer/tikz.sty (/usr/share/texlive/texmf-dist/tex/latex/pgf/basiclayer/pgf.sty (/usr/share/texlive/texmf-dist/tex/latex/pgf/utilities/pgfrcs.sty (/usr/share/texlive/texmf-dist/tex/generic/pgf/utilities/pgfutil-common.tex
\pgfutil@everybye=\toks33
\pgfutil@tempdima=\dimen163
\pgfutil@tempdimb=\dimen164
 (/usr/share/texlive/texmf-dist/tex/generic/pgf/utilities/pgfutil-common-lists.tex)) (/usr/share/texlive/texmf-dist/tex/generic/pgf/utilities/pgfutil-latex.def
\pgfutil@abb=\box49
 (/usr/share/texlive/texmf-dist/tex/latex/ms/everyshi.sty
Package: everyshi 2001/05/15 v3.00 EveryShipout Package (MS)
)) (/usr/share/texlive/texmf-dist/tex/generic/pgf/utilities/pgfrcs.code.tex (/usr/share/texlive/texmf-dist/tex/generic/pgf/pgf.revision.tex)
Package: pgfrcs 2020/01/08 v3.1.5b (3.1.5b)
))
Package: pgf 2020/01/08 v3.1.5b (3.1.5b)
 (/usr/share/texlive/texmf-dist/tex/latex/pgf/basiclayer/pgfcore.sty (/usr/share/texlive/texmf-dist/tex/latex/pgf/systemlayer/pgfsys.sty (/usr/share/texlive/texmf-dist/tex/generic/pgf/systemlayer/pgfsys.code.tex
Package: pgfsys 2020/01/08 v3.1.5b (3.1.5b)
 (/usr/share/texlive/texmf-dist/tex/generic/pgf/utilities/pgfkeys.code.tex
\pgfkeys@pathtoks=\toks34
\pgfkeys@temptoks=\toks35
 (/usr/share/texlive/texmf-dist/tex/generic/pgf/utilities/pgfkeysfiltered.code.tex
\pgfkeys@tmptoks=\toks36
))
\pgf@x=\dimen165
\pgf@y=\dimen166
\pgf@xa=\dimen167
\pgf@ya=\dimen168
\pgf@xb=\dimen169
\pgf@yb=\dimen170
\pgf@xc=\dimen171
\pgf@yc=\dimen172
\pgf@xd=\dimen173
\pgf@yd=\dimen174
\w@pgf@writea=\write3
\r@pgf@reada=\read2
\c@pgf@counta=\count272
\c@pgf@countb=\count273
\c@pgf@countc=\count274
\c@pgf@countd=\count275
\t@pgf@toka=\toks37
\t@pgf@tokb=\toks38
\t@pgf@tokc=\toks39
\pgf@sys@id@count=\count276
 (/usr/share/texlive/texmf-dist/tex/generic/pgf/systemlayer/pgf.cfg
File: pgf.cfg 2020/01/08 v3.1.5b (3.1.5b)
)
Driver file for pgf: pgfsys-pdftex.def
 (/usr/share/texlive/texmf-dist/tex/generic/pgf/systemlayer/pgfsys-pdftex.def
File: pgfsys-pdftex.def 2020/01/08 v3.1.5b (3.1.5b)
 (/usr/share/texlive/texmf-dist/tex/generic/pgf/systemlayer/pgfsys-common-pdf.def
File: pgfsys-common-pdf.def 2020/01/08 v3.1.5b (3.1.5b)
))) (/usr/share/texlive/texmf-dist/tex/generic/pgf/systemlayer/pgfsyssoftpath.code.tex
File: pgfsyssoftpath.code.tex 2020/01/08 v3.1.5b (3.1.5b)
\pgfsyssoftpath@smallbuffer@items=\count277
\pgfsyssoftpath@bigbuffer@items=\count278
) (/usr/share/texlive/texmf-dist/tex/generic/pgf/systemlayer/pgfsysprotocol.code.tex
File: pgfsysprotocol.code.tex 2020/01/08 v3.1.5b (3.1.5b)
)) (/usr/share/texlive/texmf-dist/tex/latex/xcolor/xcolor.sty
Package: xcolor 2016/05/11 v2.12 LaTeX color extensions (UK)
 (/usr/share/texlive/texmf-dist/tex/latex/graphics-cfg/color.cfg
File: color.cfg 2016/01/02 v1.6 sample color configuration
)
Package xcolor Info: Driver file: pdftex.def on input line 225.
Package xcolor Info: Model `cmy' substituted by `cmy0' on input line 1348.
Package xcolor Info: Model `hsb' substituted by `rgb' on input line 1352.
Package xcolor Info: Model `RGB' extended on input line 1364.
Package xcolor Info: Model `HTML' substituted by `rgb' on input line 1366.
Package xcolor Info: Model `Hsb' substituted by `hsb' on input line 1367.
Package xcolor Info: Model `tHsb' substituted by `hsb' on input line 1368.
Package xcolor Info: Model `HSB' substituted by `hsb' on input line 1369.
Package xcolor Info: Model `Gray' substituted by `gray' on input line 1370.
Package xcolor Info: Model `wave' substituted by `hsb' on input line 1371.
) (/usr/share/texlive/texmf-dist/tex/generic/pgf/basiclayer/pgfcore.code.tex
Package: pgfcore 2020/01/08 v3.1.5b (3.1.5b)
 (/usr/share/texlive/texmf-dist/tex/generic/pgf/math/pgfmath.code.tex (/usr/share/texlive/texmf-dist/tex/generic/pgf/math/pgfmathcalc.code.tex (/usr/share/texlive/texmf-dist/tex/generic/pgf/math/pgfmathutil.code.tex) (/usr/share/texlive/texmf-dist/tex/generic/pgf/math/pgfmathparser.code.tex
\pgfmath@dimen=\dimen175
\pgfmath@count=\count279
\pgfmath@box=\box50
\pgfmath@toks=\toks40
\pgfmath@stack@operand=\toks41
\pgfmath@stack@operation=\toks42
) (/usr/share/texlive/texmf-dist/tex/generic/pgf/math/pgfmathfunctions.code.tex (/usr/share/texlive/texmf-dist/tex/generic/pgf/math/pgfmathfunctions.basic.code.tex) (/usr/share/texlive/texmf-dist/tex/generic/pgf/math/pgfmathfunctions.trigonometric.code.tex) (/usr/share/texlive/texmf-dist/tex/generic/pgf/math/pgfmathfunctions.random.code.tex) (/usr/share/texlive/texmf-dist/tex/generic/pgf/math/pgfmathfunctions.comparison.code.tex) (/usr/share/texlive/texmf-dist/tex/generic/pgf/math/pgfmathfunctions.base.code.tex) (/usr/share/texlive/texmf-dist/tex/generic/pgf/math/pgfmathfunctions.round.code.tex) (/usr/share/texlive/texmf-dist/tex/generic/pgf/math/pgfmathfunctions.misc.code.tex) (/usr/share/texlive/texmf-dist/tex/generic/pgf/math/pgfmathfunctions.integerarithmetics.code.tex))) (/usr/share/texlive/texmf-dist/tex/generic/pgf/math/pgfmathfloat.code.tex
\c@pgfmathroundto@lastzeros=\count280
)) (/usr/share/texlive/texmf-dist/tex/generic/pgf/math/pgfint.code.tex) (/usr/share/texlive/texmf-dist/tex/generic/pgf/basiclayer/pgfcorepoints.code.tex
File: pgfcorepoints.code.tex 2020/01/08 v3.1.5b (3.1.5b)
\pgf@picminx=\dimen176
\pgf@picmaxx=\dimen177
\pgf@picminy=\dimen178
\pgf@picmaxy=\dimen179
\pgf@pathminx=\dimen180
\pgf@pathmaxx=\dimen181
\pgf@pathminy=\dimen182
\pgf@pathmaxy=\dimen183
\pgf@xx=\dimen184
\pgf@xy=\dimen185
\pgf@yx=\dimen186
\pgf@yy=\dimen187
\pgf@zx=\dimen188
\pgf@zy=\dimen189
) (/usr/share/texlive/texmf-dist/tex/generic/pgf/basiclayer/pgfcorepathconstruct.code.tex
File: pgfcorepathconstruct.code.tex 2020/01/08 v3.1.5b (3.1.5b)
\pgf@path@lastx=\dimen190
\pgf@path@lasty=\dimen191
) (/usr/share/texlive/texmf-dist/tex/generic/pgf/basiclayer/pgfcorepathusage.code.tex
File: pgfcorepathusage.code.tex 2020/01/08 v3.1.5b (3.1.5b)
\pgf@shorten@end@additional=\dimen192
\pgf@shorten@start@additional=\dimen193
) (/usr/share/texlive/texmf-dist/tex/generic/pgf/basiclayer/pgfcorescopes.code.tex
File: pgfcorescopes.code.tex 2020/01/08 v3.1.5b (3.1.5b)
\pgfpic=\box51
\pgf@hbox=\box52
\pgf@layerbox@main=\box53
\pgf@picture@serial@count=\count281
) (/usr/share/texlive/texmf-dist/tex/generic/pgf/basiclayer/pgfcoregraphicstate.code.tex
File: pgfcoregraphicstate.code.tex 2020/01/08 v3.1.5b (3.1.5b)
\pgflinewidth=\dimen194
) (/usr/share/texlive/texmf-dist/tex/generic/pgf/basiclayer/pgfcoretransformations.code.tex
File: pgfcoretransformations.code.tex 2020/01/08 v3.1.5b (3.1.5b)
\pgf@pt@x=\dimen195
\pgf@pt@y=\dimen196
\pgf@pt@temp=\dimen197
) (/usr/share/texlive/texmf-dist/tex/generic/pgf/basiclayer/pgfcorequick.code.tex
File: pgfcorequick.code.tex 2020/01/08 v3.1.5b (3.1.5b)
) (/usr/share/texlive/texmf-dist/tex/generic/pgf/basiclayer/pgfcoreobjects.code.tex
File: pgfcoreobjects.code.tex 2020/01/08 v3.1.5b (3.1.5b)
) (/usr/share/texlive/texmf-dist/tex/generic/pgf/basiclayer/pgfcorepathprocessing.code.tex
File: pgfcorepathprocessing.code.tex 2020/01/08 v3.1.5b (3.1.5b)
) (/usr/share/texlive/texmf-dist/tex/generic/pgf/basiclayer/pgfcorearrows.code.tex
File: pgfcorearrows.code.tex 2020/01/08 v3.1.5b (3.1.5b)
\pgfarrowsep=\dimen198
) (/usr/share/texlive/texmf-dist/tex/generic/pgf/basiclayer/pgfcoreshade.code.tex
File: pgfcoreshade.code.tex 2020/01/08 v3.1.5b (3.1.5b)
\pgf@max=\dimen199
\pgf@sys@shading@range@num=\count282
\pgf@shadingcount=\count283
) (/usr/share/texlive/texmf-dist/tex/generic/pgf/basiclayer/pgfcoreimage.code.tex
File: pgfcoreimage.code.tex 2020/01/08 v3.1.5b (3.1.5b)
 (/usr/share/texlive/texmf-dist/tex/generic/pgf/basiclayer/pgfcoreexternal.code.tex
File: pgfcoreexternal.code.tex 2020/01/08 v3.1.5b (3.1.5b)
\pgfexternal@startupbox=\box54
)) (/usr/share/texlive/texmf-dist/tex/generic/pgf/basiclayer/pgfcorelayers.code.tex
File: pgfcorelayers.code.tex 2020/01/08 v3.1.5b (3.1.5b)
) (/usr/share/texlive/texmf-dist/tex/generic/pgf/basiclayer/pgfcoretransparency.code.tex
File: pgfcoretransparency.code.tex 2020/01/08 v3.1.5b (3.1.5b)
) (/usr/share/texlive/texmf-dist/tex/generic/pgf/basiclayer/pgfcorepatterns.code.tex
File: pgfcorepatterns.code.tex 2020/01/08 v3.1.5b (3.1.5b)
) (/usr/share/texlive/texmf-dist/tex/generic/pgf/basiclayer/pgfcorerdf.code.tex
File: pgfcorerdf.code.tex 2020/01/08 v3.1.5b (3.1.5b)
))) (/usr/share/texlive/texmf-dist/tex/generic/pgf/modules/pgfmoduleshapes.code.tex
File: pgfmoduleshapes.code.tex 2020/01/08 v3.1.5b (3.1.5b)
\pgfnodeparttextbox=\box55
) (/usr/share/texlive/texmf-dist/tex/generic/pgf/modules/pgfmoduleplot.code.tex
File: pgfmoduleplot.code.tex 2020/01/08 v3.1.5b (3.1.5b)
) (/usr/share/texlive/texmf-dist/tex/latex/pgf/compatibility/pgfcomp-version-0-65.sty
Package: pgfcomp-version-0-65 2020/01/08 v3.1.5b (3.1.5b)
\pgf@nodesepstart=\dimen256
\pgf@nodesepend=\dimen257
) (/usr/share/texlive/texmf-dist/tex/latex/pgf/compatibility/pgfcomp-version-1-18.sty
Package: pgfcomp-version-1-18 2020/01/08 v3.1.5b (3.1.5b)
)) (/usr/share/texlive/texmf-dist/tex/latex/pgf/utilities/pgffor.sty (/usr/share/texlive/texmf-dist/tex/latex/pgf/utilities/pgfkeys.sty (/usr/share/texlive/texmf-dist/tex/generic/pgf/utilities/pgfkeys.code.tex)) (/usr/share/texlive/texmf-dist/tex/latex/pgf/math/pgfmath.sty (/usr/share/texlive/texmf-dist/tex/generic/pgf/math/pgfmath.code.tex)) (/usr/share/texlive/texmf-dist/tex/generic/pgf/utilities/pgffor.code.tex
Package: pgffor 2020/01/08 v3.1.5b (3.1.5b)
 (/usr/share/texlive/texmf-dist/tex/generic/pgf/math/pgfmath.code.tex)
\pgffor@iter=\dimen258
\pgffor@skip=\dimen259
\pgffor@stack=\toks43
\pgffor@toks=\toks44
)) (/usr/share/texlive/texmf-dist/tex/generic/pgf/frontendlayer/tikz/tikz.code.tex
Package: tikz 2020/01/08 v3.1.5b (3.1.5b)
 (/usr/share/texlive/texmf-dist/tex/generic/pgf/libraries/pgflibraryplothandlers.code.tex
File: pgflibraryplothandlers.code.tex 2020/01/08 v3.1.5b (3.1.5b)
\pgf@plot@mark@count=\count284
\pgfplotmarksize=\dimen260
)
\tikz@lastx=\dimen261
\tikz@lasty=\dimen262
\tikz@lastxsaved=\dimen263
\tikz@lastysaved=\dimen264
\tikz@lastmovetox=\dimen265
\tikz@lastmovetoy=\dimen266
\tikzleveldistance=\dimen267
\tikzsiblingdistance=\dimen268
\tikz@figbox=\box56
\tikz@figbox@bg=\box57
\tikz@tempbox=\box58
\tikz@tempbox@bg=\box59
\tikztreelevel=\count285
\tikznumberofchildren=\count286
\tikznumberofcurrentchild=\count287
\tikz@fig@count=\count288
 (/usr/share/texlive/texmf-dist/tex/generic/pgf/modules/pgfmodulematrix.code.tex
File: pgfmodulematrix.code.tex 2020/01/08 v3.1.5b (3.1.5b)
\pgfmatrixcurrentrow=\count289
\pgfmatrixcurrentcolumn=\count290
\pgf@matrix@numberofcolumns=\count291
)
\tikz@expandcount=\count292
 (/usr/share/texlive/texmf-dist/tex/generic/pgf/frontendlayer/tikz/libraries/tikzlibrarytopaths.code.tex
File: tikzlibrarytopaths.code.tex 2020/01/08 v3.1.5b (3.1.5b)
))) (/usr/share/texlive/texmf-dist/tex/generic/pgf/frontendlayer/tikz/libraries/tikzlibraryshapes.geometric.code.tex
File: tikzlibraryshapes.geometric.code.tex 2020/01/08 v3.1.5b (3.1.5b)
 (/usr/share/texlive/texmf-dist/tex/generic/pgf/libraries/shapes/pgflibraryshapes.geometric.code.tex
File: pgflibraryshapes.geometric.code.tex 2020/01/08 v3.1.5b (3.1.5b)
)) (/usr/share/texlive/texmf-dist/tex/generic/pgf/frontendlayer/tikz/libraries/tikzlibraryarrows.code.tex
File: tikzlibraryarrows.code.tex 2020/01/08 v3.1.5b (3.1.5b)
 (/usr/share/texlive/texmf-dist/tex/generic/pgf/libraries/pgflibraryarrows.code.tex
File: pgflibraryarrows.code.tex 2020/01/08 v3.1.5b (3.1.5b)
\arrowsize=\dimen269
)) (/usr/share/texlive/texmf-dist/tex/generic/pgf/frontendlayer/tikz/libraries/tikzlibrarypositioning.code.tex
File: tikzlibrarypositioning.code.tex 2020/01/08 v3.1.5b (3.1.5b)
) (/usr/share/texlive/texmf-dist/tex/generic/pgf/frontendlayer/tikz/libraries/tikzlibrarycalc.code.tex
File: tikzlibrarycalc.code.tex 2020/01/08 v3.1.5b (3.1.5b)
) (/usr/share/texlive/texmf-dist/tex/generic/pgf/frontendlayer/tikz/libraries/tikzlibrarybackgrounds.code.tex
File: tikzlibrarybackgrounds.code.tex 2020/01/08 v3.1.5b (3.1.5b)
\pgf@layerbox@background=\box60
\pgf@layerboxsaved@background=\box61
)
\c@theorem=\count293
 (/usr/share/texlive/texmf-dist/tex/generic/ulem/ulem.sty
\UL@box=\box62
\UL@hyphenbox=\box63
\UL@skip=\skip61
\UL@hook=\toks45
\UL@height=\dimen270
\UL@pe=\count294
\UL@pixel=\dimen271
\ULC@box=\box64
Package: ulem 2019/11/18
\ULdepth=\dimen272
) (/usr/share/texlive/texmf-dist/tex/latex/l3backend/l3backend-pdfmode.def
File: l3backend-pdfmode.def 2020-02-03 L3 backend support: PDF mode
\l__kernel_color_stack_int=\count295
\l__pdf_internal_box=\box65
) (/home/omq/papers/TeethSegmentation/TeethSeg_article.aux

LaTeX Warning: Label `Fig:ex_ends_a' multiply defined.


LaTeX Warning: Label `sub@Fig:ex_ends_a' multiply defined.


LaTeX Warning: Label `Fig:ex_ends_b' multiply defined.


LaTeX Warning: Label `sub@Fig:ex_ends_b' multiply defined.


LaTeX Warning: Label `Fig:ex_ends_c' multiply defined.


LaTeX Warning: Label `sub@Fig:ex_ends_c' multiply defined.

)
\openout1 = `TeethSeg_article.aux'.

LaTeX Font Info:    Checking defaults for OML/cmm/m/it on input line 119.
LaTeX Font Info:    ... okay on input line 119.
LaTeX Font Info:    Checking defaults for OMS/cmsy/m/n on input line 119.
LaTeX Font Info:    ... okay on input line 119.
LaTeX Font Info:    Checking defaults for OT1/cmr/m/n on input line 119.
LaTeX Font Info:    ... okay on input line 119.
LaTeX Font Info:    Checking defaults for T1/cmr/m/n on input line 119.
LaTeX Font Info:    ... okay on input line 119.
LaTeX Font Info:    Checking defaults for TS1/cmr/m/n on input line 119.
LaTeX Font Info:    ... okay on input line 119.
LaTeX Font Info:    Checking defaults for OMX/cmex/m/n on input line 119.
LaTeX Font Info:    ... okay on input line 119.
LaTeX Font Info:    Checking defaults for U/cmr/m/n on input line 119.
LaTeX Font Info:    ... okay on input line 119.
LaTeX Font Info:    Checking defaults for LUC/nanummj/m/n on input line 119.
LaTeX Font Info:    Trying to load font information for LUC+nanummj on input line 119.
 (/usr/share/texlive/texmf-dist/tex/latex/nanumtype1/lucnanummj.fd
File: lucnanummj.fd 2013/02/12 v0.1 Nanum Myeongjo font definitions
)
LaTeX Font Info:    ... okay on input line 119.

*geometry* driver: auto-detecting
*geometry* detected driver: pdftex
*geometry* verbose mode - [ preamble ] result:
* driver: pdftex
* paper: a4paper
* layout: <same size as paper>
* layoutoffset:(h,v)=(0.0pt,0.0pt)
* modes: 
* h-part:(L,W,R)=(89.62709pt, 418.25368pt, 89.6271pt)
* v-part:(T,H,B)=(101.40665pt, 591.5302pt, 152.11pt)
* \paperwidth=597.50787pt
* \paperheight=845.04684pt
* \textwidth=418.25368pt
* \textheight=591.5302pt
* \oddsidemargin=17.3571pt
* \evensidemargin=17.3571pt
* \topmargin=-7.86334pt
* \headheight=12.0pt
* \headsep=25.0pt
* \topskip=10.0pt
* \footskip=30.0pt
* \marginparwidth=65.0pt
* \marginparsep=11.0pt
* \columnsep=10.0pt
* \skip\footins=9.0pt plus 4.0pt minus 2.0pt
* \hoffset=0.0pt
* \voffset=0.0pt
* \mag=1000
* \@twocolumnfalse
* \@twosidefalse
* \@mparswitchfalse
* \@reversemarginfalse
* (1in=72.27pt=25.4mm, 1cm=28.453pt)

(/usr/share/texlive/texmf-dist/tex/context/base/mkii/supp-pdf.mkii
[Loading MPS to PDF converter (version 2006.09.02).]
\scratchcounter=\count296
\scratchdimen=\dimen273
\scratchbox=\box66
\nofMPsegments=\count297
\nofMParguments=\count298
\everyMPshowfont=\toks46
\MPscratchCnt=\count299
\MPscratchDim=\dimen274
\MPnumerator=\count300
\makeMPintoPDFobject=\count301
\everyMPtoPDFconversion=\toks47
) (/usr/share/texlive/texmf-dist/tex/latex/epstopdf-pkg/epstopdf-base.sty
Package: epstopdf-base 2020-01-24 v2.11 Base part for package epstopdf
 (/usr/share/texlive/texmf-dist/tex/generic/infwarerr/infwarerr.sty
Package: infwarerr 2019/12/03 v1.5 Providing info/warning/error messages (HO)
) (/usr/share/texlive/texmf-dist/tex/latex/grfext/grfext.sty
Package: grfext 2019/12/03 v1.3 Manage graphics extensions (HO)
 (/usr/share/texlive/texmf-dist/tex/generic/kvdefinekeys/kvdefinekeys.sty
Package: kvdefinekeys 2019-12-19 v1.6 Define keys (HO)
)) (/usr/share/texlive/texmf-dist/tex/latex/kvoptions/kvoptions.sty
Package: kvoptions 2019/11/29 v3.13 Key value format for package options (HO)
 (/usr/share/texlive/texmf-dist/tex/generic/ltxcmds/ltxcmds.sty
Package: ltxcmds 2019/12/15 v1.24 LaTeX kernel commands for general use (HO)
) (/usr/share/texlive/texmf-dist/tex/generic/kvsetkeys/kvsetkeys.sty
Package: kvsetkeys 2019/12/15 v1.18 Key value parser (HO)
)) (/usr/share/texlive/texmf-dist/tex/latex/pdftexcmds/pdftexcmds.sty
Package: pdftexcmds 2019/11/24 v0.31 Utility functions of pdfTeX for LuaTeX (HO)
Package pdftexcmds Info: \pdf@primitive is available.
Package pdftexcmds Info: \pdf@ifprimitive is available.
Package pdftexcmds Info: \pdfdraftmode found.
)
Package epstopdf-base Info: Redefining graphics rule for `.eps' on input line 485.
Package grfext Info: Graphics extension search list:
(grfext)             [.pdf,.png,.jpg,.mps,.jpeg,.jbig2,.jb2,.PDF,.PNG,.JPG,.JPEG,.JBIG2,.JB2,.eps]
(grfext)             \AppendGraphicsExtensions on input line 504.
 (/usr/share/texlive/texmf-dist/tex/latex/latexconfig/epstopdf-sys.cfg
File: epstopdf-sys.cfg 2010/07/13 v1.3 Configuration of (r)epstopdf for TeX Live
))
Package caption Info: Begin \AtBeginDocument code.
Package caption Info: float package is loaded.
Package caption Info: End \AtBeginDocument code.
 ABD: EveryShipout initializing macros
LaTeX Font Info:    Trying to load font information for U+msa on input line 142.
 (/usr/share/texlive/texmf-dist/tex/latex/amsfonts/umsa.fd
File: umsa.fd 2013/01/14 v3.01 AMS symbols A
)
LaTeX Font Info:    Trying to load font information for U+msb on input line 142.
 (/usr/share/texlive/texmf-dist/tex/latex/amsfonts/umsb.fd
File: umsb.fd 2013/01/14 v3.01 AMS symbols B
)

LaTeX Warning: Reference `Def:gadf_def' on page 1 undefined on input line 147.

[1

{/var/lib/texmf/fonts/map/pdftex/updmap/pdftex.map}] [2]
<./Figures/Fig1_img.png, id=58, 684.30656pt x 313.17pt>
File: ./Figures/Fig1_img.png Graphic file (type png)
<use ./Figures/Fig1_img.png>
Package pdftex.def Info: ./Figures/Fig1_img.png  used on input line 210.
(pdftex.def)             Requested size: 284.52756pt x 130.21638pt.
<./Figures/Fig1_img1.png, id=59, 31.11626pt x 31.11626pt>
File: ./Figures/Fig1_img1.png Graphic file (type png)
<use ./Figures/Fig1_img1.png>
Package pdftex.def Info: ./Figures/Fig1_img1.png  used on input line 220.
(pdftex.def)             Requested size: 73.97733pt x 73.993pt.
<./Figures/Fig1_sbl1.png, id=60, 31.11626pt x 31.11626pt>
File: ./Figures/Fig1_sbl1.png Graphic file (type png)
<use ./Figures/Fig1_sbl1.png>
Package pdftex.def Info: ./Figures/Fig1_sbl1.png  used on input line 225.
(pdftex.def)             Requested size: 73.97733pt x 73.993pt.
<./Figures/Fig1_cny1.png, id=61, 31.11626pt x 31.11626pt>
File: ./Figures/Fig1_cny1.png Graphic file (type png)
<use ./Figures/Fig1_cny1.png>
Package pdftex.def Info: ./Figures/Fig1_cny1.png  used on input line 230.
(pdftex.def)             Requested size: 73.97733pt x 73.993pt.
<./Figures/Fig1_er1.png, id=62, 31.11626pt x 31.11626pt>
File: ./Figures/Fig1_er1.png Graphic file (type png)
<use ./Figures/Fig1_er1.png>
Package pdftex.def Info: ./Figures/Fig1_er1.png  used on input line 235.
(pdftex.def)             Requested size: 73.97733pt x 73.993pt.
<./Figures/Fig1_img2.png, id=63, 31.11626pt x 31.11626pt>
File: ./Figures/Fig1_img2.png Graphic file (type png)
<use ./Figures/Fig1_img2.png>
Package pdftex.def Info: ./Figures/Fig1_img2.png  used on input line 243.
(pdftex.def)             Requested size: 73.97733pt x 73.993pt.
<./Figures/Fig1_sbl2.png, id=64, 31.11626pt x 31.11626pt>
File: ./Figures/Fig1_sbl2.png Graphic file (type png)
<use ./Figures/Fig1_sbl2.png>
Package pdftex.def Info: ./Figures/Fig1_sbl2.png  used on input line 248.
(pdftex.def)             Requested size: 73.97733pt x 73.993pt.
<./Figures/Fig1_cny2.png, id=65, 31.11626pt x 31.11626pt>
File: ./Figures/Fig1_cny2.png Graphic file (type png)
<use ./Figures/Fig1_cny2.png>
Package pdftex.def Info: ./Figures/Fig1_cny2.png  used on input line 253.
(pdftex.def)             Requested size: 73.97733pt x 73.993pt.
<./Figures/Fig1_er2.png, id=66, 31.11626pt x 31.11626pt>
File: ./Figures/Fig1_er2.png Graphic file (type png)
<use ./Figures/Fig1_er2.png>
Package pdftex.def Info: ./Figures/Fig1_er2.png  used on input line 258.
(pdftex.def)             Requested size: 73.97733pt x 73.993pt.
<./Figures/Fig1_img3.png, id=67, 31.11626pt x 31.11626pt>
File: ./Figures/Fig1_img3.png Graphic file (type png)
<use ./Figures/Fig1_img3.png>
Package pdftex.def Info: ./Figures/Fig1_img3.png  used on input line 266.
(pdftex.def)             Requested size: 73.97733pt x 73.993pt.
<./Figures/Fig1_sbl3.png, id=68, 31.11626pt x 31.11626pt>
File: ./Figures/Fig1_sbl3.png Graphic file (type png)
<use ./Figures/Fig1_sbl3.png>
Package pdftex.def Info: ./Figures/Fig1_sbl3.png  used on input line 272.
(pdftex.def)             Requested size: 73.97733pt x 73.993pt.
<./Figures/Fig1_cny3.png, id=69, 31.11626pt x 31.11626pt>
File: ./Figures/Fig1_cny3.png Graphic file (type png)
<use ./Figures/Fig1_cny3.png>
Package pdftex.def Info: ./Figures/Fig1_cny3.png  used on input line 278.
(pdftex.def)             Requested size: 73.97733pt x 73.993pt.
<./Figures/Fig1_er3.png, id=70, 31.11626pt x 31.11626pt>
File: ./Figures/Fig1_er3.png Graphic file (type png)
<use ./Figures/Fig1_er3.png>
Package pdftex.def Info: ./Figures/Fig1_er3.png  used on input line 284.
(pdftex.def)             Requested size: 73.97733pt x 73.993pt.


LaTeX Warning: Reference `Fig:1d1' on page 3 undefined on input line 296.

<./Figures/Fig2_img.png, id=71, 212.795pt x 192.72pt>
File: ./Figures/Fig2_img.png Graphic file (type png)
<use ./Figures/Fig2_img.png>
Package pdftex.def Info: ./Figures/Fig2_img.png  used on input line 310.
(pdftex.def)             Requested size: 87.96408pt x 79.6678pt.
<./Figures/Fig2_er.png, id=72, 212.795pt x 192.72pt>
File: ./Figures/Fig2_er.png Graphic file (type png)
<use ./Figures/Fig2_er.png>
Package pdftex.def Info: ./Figures/Fig2_er.png  used on input line 316.
(pdftex.def)             Requested size: 87.96408pt x 79.6678pt.
<./Figures/Fig2_reser.png, id=73, 212.795pt x 192.72pt>
File: ./Figures/Fig2_reser.png Graphic file (type png)
<use ./Figures/Fig2_reser.png>
Package pdftex.def Info: ./Figures/Fig2_reser.png  used on input line 322.
(pdftex.def)             Requested size: 87.96408pt x 79.6678pt.
<./Figures/Fig2_evolve_1/iter0.png, id=74, 392.96812pt x 355.3275pt>
File: ./Figures/Fig2_evolve_1/iter0.png Graphic file (type png)
<use ./Figures/Fig2_evolve_1/iter0.png>
Package pdftex.def Info: ./Figures/Fig2_evolve_1/iter0.png  used on input line 334.
(pdftex.def)             Requested size: 75.51617pt x 68.28644pt.
<./Figures/Fig2_evolve_1/iter150.png, id=75, 392.96812pt x 355.3275pt>
File: ./Figures/Fig2_evolve_1/iter150.png Graphic file (type png)
<use ./Figures/Fig2_evolve_1/iter150.png>
Package pdftex.def Info: ./Figures/Fig2_evolve_1/iter150.png  used on input line 338.
(pdftex.def)             Requested size: 75.51617pt x 68.28644pt.
<./Figures/Fig2_evolve_1/iter250.png, id=76, 392.96812pt x 355.3275pt>
File: ./Figures/Fig2_evolve_1/iter250.png Graphic file (type png)
<use ./Figures/Fig2_evolve_1/iter250.png>
Package pdftex.def Info: ./Figures/Fig2_evolve_1/iter250.png  used on input line 342.
(pdftex.def)             Requested size: 75.51617pt x 68.28644pt.
<./Figures/Fig2_evolve_1/iter300.png, id=77, 392.96812pt x 355.3275pt>
File: ./Figures/Fig2_evolve_1/iter300.png Graphic file (type png)
<use ./Figures/Fig2_evolve_1/iter300.png>
Package pdftex.def Info: ./Figures/Fig2_evolve_1/iter300.png  used on input line 346.
(pdftex.def)             Requested size: 75.51617pt x 68.28644pt.
<./Figures/Fig2_evolve_1/iter1000.png, id=78, 392.96812pt x 355.3275pt>
File: ./Figures/Fig2_evolve_1/iter1000.png Graphic file (type png)
<use ./Figures/Fig2_evolve_1/iter1000.png>
Package pdftex.def Info: ./Figures/Fig2_evolve_1/iter1000.png  used on input line 350.
(pdftex.def)             Requested size: 75.51617pt x 68.28644pt.
<./Figures/Fig2_evolve_2/iter0.png, id=79, 392.96812pt x 355.3275pt>
File: ./Figures/Fig2_evolve_2/iter0.png Graphic file (type png)
<use ./Figures/Fig2_evolve_2/iter0.png>
Package pdftex.def Info: ./Figures/Fig2_evolve_2/iter0.png  used on input line 360.
(pdftex.def)             Requested size: 75.51617pt x 68.28644pt.
<./Figures/Fig2_evolve_2/iter200.png, id=80, 392.96812pt x 355.3275pt>
File: ./Figures/Fig2_evolve_2/iter200.png Graphic file (type png)
<use ./Figures/Fig2_evolve_2/iter200.png>
Package pdftex.def Info: ./Figures/Fig2_evolve_2/iter200.png  used on input line 364.
(pdftex.def)             Requested size: 75.51617pt x 68.28644pt.
<./Figures/Fig2_evolve_2/iter350.png, id=81, 392.96812pt x 355.3275pt>
File: ./Figures/Fig2_evolve_2/iter350.png Graphic file (type png)
<use ./Figures/Fig2_evolve_2/iter350.png>
Package pdftex.def Info: ./Figures/Fig2_evolve_2/iter350.png  used on input line 368.
(pdftex.def)             Requested size: 75.51617pt x 68.28644pt.
<./Figures/Fig2_evolve_2/iter650.png, id=82, 392.96812pt x 355.3275pt>
File: ./Figures/Fig2_evolve_2/iter650.png Graphic file (type png)
<use ./Figures/Fig2_evolve_2/iter650.png>
Package pdftex.def Info: ./Figures/Fig2_evolve_2/iter650.png  used on input line 372.
(pdftex.def)             Requested size: 75.51617pt x 68.28644pt.
<./Figures/Fig2_evolve_2/iter1000.png, id=83, 392.96812pt x 355.3275pt>
File: ./Figures/Fig2_evolve_2/iter1000.png Graphic file (type png)
<use ./Figures/Fig2_evolve_2/iter1000.png>
Package pdftex.def Info: ./Figures/Fig2_evolve_2/iter1000.png  used on input line 376.
(pdftex.def)             Requested size: 75.51617pt x 68.28644pt.
<./Figures/Fig2_evolve_3/iter0.png, id=84, 392.96812pt x 355.3275pt>
File: ./Figures/Fig2_evolve_3/iter0.png Graphic file (type png)
<use ./Figures/Fig2_evolve_3/iter0.png>
Package pdftex.def Info: ./Figures/Fig2_evolve_3/iter0.png  used on input line 385.
(pdftex.def)             Requested size: 75.51617pt x 68.28644pt.
<./Figures/Fig2_evolve_3/iter200.png, id=85, 392.96812pt x 356.83313pt>
File: ./Figures/Fig2_evolve_3/iter200.png Graphic file (type png)
<use ./Figures/Fig2_evolve_3/iter200.png>
Package pdftex.def Info: ./Figures/Fig2_evolve_3/iter200.png  used on input line 389.
(pdftex.def)             Requested size: 75.19838pt x 68.28644pt.
<./Figures/Fig2_evolve_3/iter350.png, id=86, 392.96812pt x 356.83313pt>
File: ./Figures/Fig2_evolve_3/iter350.png Graphic file (type png)
<use ./Figures/Fig2_evolve_3/iter350.png>
Package pdftex.def Info: ./Figures/Fig2_evolve_3/iter350.png  used on input line 393.
(pdftex.def)             Requested size: 75.19838pt x 68.28644pt.
<./Figures/Fig2_evolve_3/iter650.png, id=87, 392.96812pt x 356.83313pt>
File: ./Figures/Fig2_evolve_3/iter650.png Graphic file (type png)
<use ./Figures/Fig2_evolve_3/iter650.png>
Package pdftex.def Info: ./Figures/Fig2_evolve_3/iter650.png  used on input line 397.
(pdftex.def)             Requested size: 75.19838pt x 68.28644pt.
<./Figures/Fig2_evolve_3/iter1000.png, id=88, 392.96812pt x 356.83313pt>
File: ./Figures/Fig2_evolve_3/iter1000.png Graphic file (type png)
<use ./Figures/Fig2_evolve_3/iter1000.png>
Package pdftex.def Info: ./Figures/Fig2_evolve_3/iter1000.png  used on input line 401.
(pdftex.def)             Requested size: 75.19838pt x 68.28644pt.
[3] [4 <./Figures/Fig1_img.png (PNG copy)> <./Figures/Fig1_img1.png (PNG copy)> <./Figures/Fig1_sbl1.png (PNG copy)> <./Figures/Fig1_cny1.png (PNG copy)> <./Figures/Fig1_er1.png (PNG copy)> <./Figures/Fig1_img2.png (PNG copy)> <./Figures/Fig1_sbl2.png (PNG copy)> <./Figures/Fig1_cny2.png (PNG copy)> <./Figures/Fig1_er2.png (PNG copy)> <./Figures/Fig1_img3.png (PNG copy)> <./Figures/Fig1_sbl3.png (PNG copy)> <./Figures/Fig1_cny3.png (PNG copy)> <./Figures/Fig1_er3.png (PNG copy)>] [5 <./Figures/Fig2_img.png (PNG copy)> <./Figures/Fig2_er.png (PNG copy)> <./Figures/Fig2_reser.png (PNG copy)> <./Figures/Fig2_evolve_1/iter0.png (PNG copy)> <./Figures/Fig2_evolve_1/iter150.png (PNG copy)> <./Figures/Fig2_evolve_1/iter250.png (PNG copy)> <./Figures/Fig2_evolve_1/iter300.png (PNG copy)> <./Figures/Fig2_evolve_1/iter1000.png (PNG copy)> <./Figures/Fig2_evolve_2/iter0.png (PNG copy)> <./Figures/Fig2_evolve_2/iter200.png (PNG copy)> <./Figures/Fig2_evolve_2/iter350.png (PNG copy)> <./Figures/Fig2_evolve_2/iter650.png (PNG copy)> <./Figures/Fig2_evolve_2/iter1000.png (PNG copy)> <./Figures/Fig2_evolve_3/iter0.png (PNG copy)> <./Figures/Fig2_evolve_3/iter200.png (PNG copy)> <./Figures/Fig2_evolve_3/iter350.png (PNG copy)> <./Figures/Fig2_evolve_3/iter650.png (PNG copy)> <./Figures/Fig2_evolve_3/iter1000.png (PNG copy)>]

LaTeX Warning: No positions in optional float specifier.
               Default added (so using `tbp') on input line 495.

<./Figures/Fig4_img.pdf, id=98, 358.4592pt x 238.97281pt>
File: ./Figures/Fig4_img.pdf Graphic file (type pdf)
<use ./Figures/Fig4_img.pdf>
Package pdftex.def Info: ./Figures/Fig4_img.pdf  used on input line 499.
(pdftex.def)             Requested size: 162.18028pt x 108.12054pt.
<./Figures/Fig4_er.pdf, id=99, 358.4592pt x 238.97281pt>
File: ./Figures/Fig4_er.pdf Graphic file (type pdf)
<use ./Figures/Fig4_er.pdf>
Package pdftex.def Info: ./Figures/Fig4_er.pdf  used on input line 505.
(pdftex.def)             Requested size: 162.18028pt x 108.12054pt.
<./Figures/Fig4_seler.pdf, id=100, 358.4592pt x 238.97281pt>
File: ./Figures/Fig4_seler.pdf Graphic file (type pdf)
<use ./Figures/Fig4_seler.pdf>
Package pdftex.def Info: ./Figures/Fig4_seler.pdf  used on input line 512.
(pdftex.def)             Requested size: 162.18028pt x 108.12054pt.
<./Figures/Fig4_label.pdf, id=101, 358.4592pt x 238.97281pt>
File: ./Figures/Fig4_label.pdf Graphic file (type pdf)
<use ./Figures/Fig4_label.pdf>
Package pdftex.def Info: ./Figures/Fig4_label.pdf  used on input line 518.
(pdftex.def)             Requested size: 162.18028pt x 108.12054pt.
[6] [7]

LaTeX Warning: No positions in optional float specifier.
               Default added (so using `tbp') on input line 529.

File: ./Figures/Fig1_img.png Graphic file (type png)
<use ./Figures/Fig1_img.png>
Package pdftex.def Info: ./Figures/Fig1_img.png  used on input line 531.
(pdftex.def)             Requested size: 298.43318pt x 136.5733pt.

LaTeX Warning: No positions in optional float specifier.
               Default added (so using `tbp') on input line 546.

<./Figures/Fig6_img0.pdf, id=109, 358.4592pt x 238.22601pt>
File: ./Figures/Fig6_img0.pdf Graphic file (type pdf)
<use ./Figures/Fig6_img0.pdf>
Package pdftex.def Info: ./Figures/Fig6_img0.pdf  used on input line 550.
(pdftex.def)             Requested size: 165.02606pt x 109.67253pt.
<./Figures/Fig6_img1.pdf, id=110, 358.4592pt x 163.25865pt>
File: ./Figures/Fig6_img1.pdf Graphic file (type pdf)
<use ./Figures/Fig6_img1.pdf>
Package pdftex.def Info: ./Figures/Fig6_img1.pdf  used on input line 551.
(pdftex.def)             Requested size: 165.02606pt x 75.15967pt.
<./Figures/Fig6_img8.pdf, id=111, 358.4592pt x 224.6771pt>
File: ./Figures/Fig6_img8.pdf Graphic file (type pdf)
<use ./Figures/Fig6_img8.pdf>
Package pdftex.def Info: ./Figures/Fig6_img8.pdf  used on input line 552.
(pdftex.def)             Requested size: 165.02606pt x 103.435pt.
<./Figures/Fig6_img17.pdf, id=112, 358.4592pt x 184.83052pt>
File: ./Figures/Fig6_img17.pdf Graphic file (type pdf)
<use ./Figures/Fig6_img17.pdf>
Package pdftex.def Info: ./Figures/Fig6_img17.pdf  used on input line 553.
(pdftex.def)             Requested size: 165.02606pt x 85.09074pt.
<./Figures/Fig6_neter0.pdf, id=113, 358.4592pt x 238.22601pt>
File: ./Figures/Fig6_neter0.pdf Graphic file (type pdf)
<use ./Figures/Fig6_neter0.pdf>
Package pdftex.def Info: ./Figures/Fig6_neter0.pdf  used on input line 558.
(pdftex.def)             Requested size: 165.02606pt x 109.67253pt.
<./Figures/Fig6_neter1.pdf, id=114, 358.4592pt x 163.25865pt>
File: ./Figures/Fig6_neter1.pdf Graphic file (type pdf)
<use ./Figures/Fig6_neter1.pdf>
Package pdftex.def Info: ./Figures/Fig6_neter1.pdf  used on input line 559.
(pdftex.def)             Requested size: 165.02606pt x 75.15967pt.
<./Figures/Fig6_neter8.pdf, id=115, 358.4592pt x 224.6771pt>
File: ./Figures/Fig6_neter8.pdf Graphic file (type pdf)
<use ./Figures/Fig6_neter8.pdf>
Package pdftex.def Info: ./Figures/Fig6_neter8.pdf  used on input line 560.
(pdftex.def)             Requested size: 165.02606pt x 103.435pt.
<./Figures/Fig6_neter17.pdf, id=116, 358.4592pt x 184.83052pt>
File: ./Figures/Fig6_neter17.pdf Graphic file (type pdf)
<use ./Figures/Fig6_neter17.pdf>
Package pdftex.def Info: ./Figures/Fig6_neter17.pdf  used on input line 561.
(pdftex.def)             Requested size: 165.02606pt x 85.09074pt.
[8 <./Figures/Fig4_img.pdf> <./Figures/Fig4_er.pdf

pdfTeX warning: pdflatex (file ./Figures/Fig4_er.pdf): PDF inclusion: multiple pdfs with page group included in a single page
> <./Figures/Fig4_seler.pdf

pdfTeX warning: pdflatex (file ./Figures/Fig4_seler.pdf): PDF inclusion: multiple pdfs with page group included in a single page
> <./Figures/Fig4_label.pdf

pdfTeX warning: pdflatex (file ./Figures/Fig4_label.pdf): PDF inclusion: multiple pdfs with page group included in a single page
>] [9] [10 <./Figures/Fig6_img0.pdf> <./Figures/Fig6_img1.pdf

pdfTeX warning: pdflatex (file ./Figures/Fig6_img1.pdf): PDF inclusion: multiple pdfs with page group included in a single page
> <./Figures/Fig6_img8.pdf

pdfTeX warning: pdflatex (file ./Figures/Fig6_img8.pdf): PDF inclusion: multiple pdfs with page group included in a single page
> <./Figures/Fig6_img17.pdf

pdfTeX warning: pdflatex (file ./Figures/Fig6_img17.pdf): PDF inclusion: multiple pdfs with page group included in a single page
> <./Figures/Fig6_neter0.pdf

pdfTeX warning: pdflatex (file ./Figures/Fig6_neter0.pdf): PDF inclusion: multiple pdfs with page group included in a single page
> <./Figures/Fig6_neter1.pdf

pdfTeX warning: pdflatex (file ./Figures/Fig6_neter1.pdf): PDF inclusion: multiple pdfs with page group included in a single page
> <./Figures/Fig6_neter8.pdf

pdfTeX warning: pdflatex (file ./Figures/Fig6_neter8.pdf): PDF inclusion: multiple pdfs with page group included in a single page
> <./Figures/Fig6_neter17.pdf

pdfTeX warning: pdflatex (file ./Figures/Fig6_neter17.pdf): PDF inclusion: multiple pdfs with page group included in a single page
>]

LaTeX Warning: No positions in optional float specifier.
               Default added (so using `tbp') on input line 596.

[11]

LaTeX Warning: No positions in optional float specifier.
               Default added (so using `tbp') on input line 640.

<./Figures/Fig8_img.pdf, id=169, 246.24196pt x 267.10992pt>
File: ./Figures/Fig8_img.pdf Graphic file (type pdf)
<use ./Figures/Fig8_img.pdf>
Package pdftex.def Info: ./Figures/Fig8_img.pdf  used on input line 644.
(pdftex.def)             Requested size: 91.80696pt x 99.58464pt.
<./Figures/Fig8_curve.pdf, id=170, 246.24196pt x 267.10992pt>
File: ./Figures/Fig8_curve.pdf Graphic file (type pdf)
<use ./Figures/Fig8_curve.pdf>
Package pdftex.def Info: ./Figures/Fig8_curve.pdf  used on input line 650.
(pdftex.def)             Requested size: 91.80696pt x 99.58464pt.
<./Figures/Fig8_end.pdf, id=171, 246.24196pt x 267.10992pt>
File: ./Figures/Fig8_end.pdf Graphic file (type pdf)
<use ./Figures/Fig8_end.pdf>
Package pdftex.def Info: ./Figures/Fig8_end.pdf  used on input line 657.
(pdftex.def)             Requested size: 91.80696pt x 99.58464pt.
<./Figures/Fig8_ext.pdf, id=172, 246.24196pt x 267.10992pt>
File: ./Figures/Fig8_ext.pdf Graphic file (type pdf)
<use ./Figures/Fig8_ext.pdf>
Package pdftex.def Info: ./Figures/Fig8_ext.pdf  used on input line 663.
(pdftex.def)             Requested size: 91.80696pt x 99.58464pt.
[12 <./Figures/Fig8_img.pdf> <./Figures/Fig8_curve.pdf

pdfTeX warning: pdflatex (file ./Figures/Fig8_curve.pdf): PDF inclusion: multiple pdfs with page group included in a single page
> <./Figures/Fig8_end.pdf

pdfTeX warning: pdflatex (file ./Figures/Fig8_end.pdf): PDF inclusion: multiple pdfs with page group included in a single page
> <./Figures/Fig8_ext.pdf

pdfTeX warning: pdflatex (file ./Figures/Fig8_ext.pdf): PDF inclusion: multiple pdfs with page group included in a single page
>]

LaTeX Warning: No positions in optional float specifier.
               Default added (so using `tbp') on input line 702.

File: ./Figures/Fig8_img.pdf Graphic file (type pdf)
<use ./Figures/Fig8_img.pdf>
Package pdftex.def Info: ./Figures/Fig8_img.pdf  used on input line 706.
(pdftex.def)             Requested size: 91.80696pt x 99.58464pt.
File: ./Figures/Fig8_curve.pdf Graphic file (type pdf)
<use ./Figures/Fig8_curve.pdf>
Package pdftex.def Info: ./Figures/Fig8_curve.pdf  used on input line 712.
(pdftex.def)             Requested size: 91.80696pt x 99.58464pt.
File: ./Figures/Fig8_end.pdf Graphic file (type pdf)
<use ./Figures/Fig8_end.pdf>
Package pdftex.def Info: ./Figures/Fig8_end.pdf  used on input line 718.
(pdftex.def)             Requested size: 91.80696pt x 99.58464pt.
[13]

LaTeX Warning: No positions in optional float specifier.
               Default added (so using `tbp') on input line 809.

File: ./Figures/Fig1_img.png Graphic file (type png)
<use ./Figures/Fig1_img.png>
Package pdftex.def Info: ./Figures/Fig1_img.png  used on input line 811.
(pdftex.def)             Requested size: 298.43318pt x 136.5733pt.
File: ./Figures/Fig1_img.png Graphic file (type png)
<use ./Figures/Fig1_img.png>
Package pdftex.def Info: ./Figures/Fig1_img.png  used on input line 812.
(pdftex.def)             Requested size: 298.43318pt x 136.5733pt.

Overfull \hbox (191.946pt too wide) in paragraph at lines 811--813
 [][][] 
 []

(/home/omq/papers/TeethSegmentation/TeethSeg_article.bbl [14] [15]) [16] (/home/omq/papers/TeethSegmentation/TeethSeg_article.aux)

LaTeX Warning: There were undefined references.


LaTeX Warning: There were multiply-defined labels.

 ) 
Here is how much of TeX's memory you used:
 17628 strings out of 481239
 346040 string characters out of 5920377
 569599 words of memory out of 5000000
 32446 multiletter control sequences out of 15000+600000
 553034 words of font info for 98 fonts, out of 8000000 for 9000
 1141 hyphenation exceptions out of 8191
 60i,15n,60p,1878b,998s stack positions out of 5000i,500n,10000p,200000b,80000s
</usr/share/texlive/texmf-dist/fonts/type1/public/amsfonts/cm/cmbx10.pfb></usr/share/texlive/texmf-dist/fonts/type1/public/amsfonts/cm/cmbx12.pfb></usr/share/texlive/texmf-dist/fonts/type1/public/amsfonts/cm/cmbx9.pfb></usr/share/texlive/texmf-dist/fonts/type1/public/amsfonts/cm/cmcsc10.pfb></usr/share/texlive/texmf-dist/fonts/type1/public/amsfonts/cm/cmex10.pfb></usr/share/texlive/texmf-dist/fonts/type1/public/amsfonts/cm/cmmi10.pfb></usr/share/texlive/texmf-dist/fonts/type1/public/amsfonts/cm/cmmi5.pfb></usr/share/texlive/texmf-dist/fonts/type1/public/amsfonts/cm/cmmi6.pfb></usr/share/texlive/texmf-dist/fonts/type1/public/amsfonts/cm/cmmi7.pfb></usr/share/texlive/texmf-dist/fonts/type1/public/amsfonts/cm/cmr10.pfb></usr/share/texlive/texmf-dist/fonts/type1/public/amsfonts/cm/cmr12.pfb></usr/share/texlive/texmf-dist/fonts/type1/public/amsfonts/cm/cmr17.pfb></usr/share/texlive/texmf-dist/fonts/type1/public/amsfonts/cm/cmr5.pfb></usr/share/texlive/texmf-dist/fonts/type1/public/amsfonts/cm/cmr7.pfb></usr/share/texlive/texmf-dist/fonts/type1/public/amsfonts/cm/cmr9.pfb></usr/share/texlive/texmf-dist/fonts/type1/public/amsfonts/cm/cmsy10.pfb></usr/share/texlive/texmf-dist/fonts/type1/public/amsfonts/cm/cmsy7.pfb></usr/share/texlive/texmf-dist/fonts/type1/public/amsfonts/cm/cmti10.pfb></usr/share/texlive/texmf-dist/fonts/type1/public/amsfonts/symbols/msbm10.pfb></usr/share/texlive/texmf-dist/fonts/type1/public/nanumtype1/nanummjmac.pfb></usr/share/texlive/texmf-dist/fonts/type1/public/nanumtype1/nanummjmad.pfb></usr/share/texlive/texmf-dist/fonts/type1/public/nanumtype1/nanummjmae.pfb></usr/share/texlive/texmf-dist/fonts/type1/public/nanumtype1/nanummjmb0.pfb></usr/share/texlive/texmf-dist/fonts/type1/public/nanumtype1/nanummjmb1.pfb></usr/share/texlive/texmf-dist/fonts/type1/public/nanumtype1/nanummjmb2.pfb></usr/share/texlive/texmf-dist/fonts/type1/public/nanumtype1/nanummjmb3.pfb></usr/share/texlive/texmf-dist/fonts/type1/public/nanumtype1/nanummjmb4.pfb></usr/share/texlive/texmf-dist/fonts/type1/public/nanumtype1/nanummjmb7.pfb></usr/share/texlive/texmf-dist/fonts/type1/public/nanumtype1/nanummjmb8.pfb></usr/share/texlive/texmf-dist/fonts/type1/public/nanumtype1/nanummjmb9.pfb></usr/share/texlive/texmf-dist/fonts/type1/public/nanumtype1/nanummjmba.pfb></usr/share/texlive/texmf-dist/fonts/type1/public/nanumtype1/nanummjmbb.pfb></usr/share/texlive/texmf-dist/fonts/type1/public/nanumtype1/nanummjmbc.pfb></usr/share/texlive/texmf-dist/fonts/type1/public/nanumtype1/nanummjmbd.pfb></usr/share/texlive/texmf-dist/fonts/type1/public/nanumtype1/nanummjmc0.pfb></usr/share/texlive/texmf-dist/fonts/type1/public/nanumtype1/nanummjmc1.pfb></usr/share/texlive/texmf-dist/fonts/type1/public/nanumtype1/nanummjmc2.pfb></usr/share/texlive/texmf-dist/fonts/type1/public/nanumtype1/nanummjmc5.pfb></usr/share/texlive/texmf-dist/fonts/type1/public/nanumtype1/nanummjmc6.pfb></usr/share/texlive/texmf-dist/fonts/type1/public/nanumtype1/nanummjmc7.pfb></usr/share/texlive/texmf-dist/fonts/type1/public/nanumtype1/nanummjmc8.pfb></usr/share/texlive/texmf-dist/fonts/type1/public/nanumtype1/nanummjmc9.pfb></usr/share/texlive/texmf-dist/fonts/type1/public/nanumtype1/nanummjmcc.pfb></usr/share/texlive/texmf-dist/fonts/type1/public/nanumtype1/nanummjmcd.pfb></usr/share/texlive/texmf-dist/fonts/type1/public/nanumtype1/nanummjmce.pfb></usr/share/texlive/texmf-dist/fonts/type1/public/nanumtype1/nanummjmd1.pfb></usr/share/texlive/texmf-dist/fonts/type1/public/nanumtype1/nanummjmd2.pfb></usr/share/texlive/texmf-dist/fonts/type1/public/nanumtype1/nanummjmd3.pfb></usr/share/texlive/texmf-dist/fonts/type1/public/nanumtype1/nanummjmd5.pfb></usr/share/texlive/texmf-dist/fonts/type1/public/nanumtype1/nanummjmd6.pfb>
Output written on /home/omq/papers/TeethSegmentation/TeethSeg_article.pdf (16 pages, 3254579 bytes).
PDF statistics:
 359 PDF objects out of 1000 (max. 8388607)
 225 compressed objects within 3 object streams
 0 named destinations out of 1000 (max. 500000)
 248 words of extra memory for PDF output out of 10000 (max. 10000000)

